Configuration on demand is an incubating feature.
> Task :gradle-plugin:settings-plugin:checkKotlinGradlePluginConfigurationErrors SKIPPED
> Task :gradle-plugin:shared:checkKotlinGradlePluginConfigurationErrors SKIPPED
> Task :gradle-plugin:settings-plugin:pluginDescriptors UP-TO-DATE
> Task :expo-gradle-plugin:expo-autolinking-plugin-shared:checkKotlinGradlePluginConfigurationErrors SKIPPED
> Task :expo-gradle-plugin:expo-autolinking-settings-plugin:checkKotlinGradlePluginConfigurationErrors SKIPPED
> Task :gradle-plugin:settings-plugin:processResources UP-TO-DATE
> Task :expo-gradle-plugin:expo-autolinking-settings-plugin:pluginDescriptors UP-TO-DATE
> Task :expo-gradle-plugin:expo-autolinking-settings-plugin:processResources UP-TO-DATE
> Task :gradle-plugin:shared:compileKotlin UP-TO-DATE
> Task :expo-gradle-plugin:expo-autolinking-plugin-shared:compileKotlin UP-TO-DATE
> Task :gradle-plugin:shared:compileJava NO-SOURCE
> Task :expo-gradle-plugin:expo-autolinking-plugin-shared:compileJava NO-SOURCE
> Task :gradle-plugin:shared:processResources NO-SOURCE
> Task :gradle-plugin:shared:classes UP-TO-DATE
> Task :expo-gradle-plugin:expo-autolinking-plugin-shared:processResources NO-SOURCE
> Task :expo-gradle-plugin:expo-autolinking-plugin-shared:classes UP-TO-DATE
> Task :expo-gradle-plugin:expo-autolinking-plugin-shared:jar UP-TO-DATE
> Task :gradle-plugin:shared:jar UP-TO-DATE
> Task :gradle-plugin:settings-plugin:compileKotlin UP-TO-DATE
> Task :gradle-plugin:settings-plugin:compileJava NO-SOURCE
> Task :gradle-plugin:settings-plugin:classes UP-TO-DATE
> Task :gradle-plugin:settings-plugin:jar UP-TO-DATE
> Task :expo-gradle-plugin:expo-autolinking-settings-plugin:compileKotlin UP-TO-DATE
> Task :expo-gradle-plugin:expo-autolinking-settings-plugin:compileJava NO-SOURCE
> Task :expo-gradle-plugin:expo-autolinking-settings-plugin:classes UP-TO-DATE
> Task :expo-gradle-plugin:expo-autolinking-settings-plugin:jar UP-TO-DATE
> Task :expo-gradle-plugin:expo-autolinking-plugin:checkKotlinGradlePluginConfigurationErrors SKIPPED
> Task :expo-gradle-plugin:expo-autolinking-plugin:compileKotlin UP-TO-DATE
> Task :expo-gradle-plugin:expo-autolinking-plugin:compileJava NO-SOURCE
> Task :expo-module-gradle-plugin:checkKotlinGradlePluginConfigurationErrors SKIPPED
> Task :expo-module-gradle-plugin:pluginDescriptors UP-TO-DATE
> Task :expo-module-gradle-plugin:processResources UP-TO-DATE
> Task :expo-gradle-plugin:expo-autolinking-plugin:pluginDescriptors UP-TO-DATE
> Task :expo-gradle-plugin:expo-autolinking-plugin:processResources UP-TO-DATE
> Task :expo-gradle-plugin:expo-autolinking-plugin:classes UP-TO-DATE
> Task :gradle-plugin:react-native-gradle-plugin:checkKotlinGradlePluginConfigurationErrors SKIPPED
> Task :expo-gradle-plugin:expo-autolinking-plugin:jar UP-TO-DATE
> Task :gradle-plugin:react-native-gradle-plugin:compileKotlin UP-TO-DATE
> Task :expo-dev-launcher-gradle-plugin:checkKotlinGradlePluginConfigurationErrors SKIPPED
> Task :gradle-plugin:react-native-gradle-plugin:compileJava NO-SOURCE
> Task :expo-dev-launcher-gradle-plugin:pluginDescriptors UP-TO-DATE
> Task :gradle-plugin:react-native-gradle-plugin:pluginDescriptors UP-TO-DATE
> Task :expo-dev-launcher-gradle-plugin:processResources UP-TO-DATE
> Task :gradle-plugin:react-native-gradle-plugin:processResources UP-TO-DATE
> Task :gradle-plugin:react-native-gradle-plugin:classes UP-TO-DATE
> Task :gradle-plugin:react-native-gradle-plugin:jar UP-TO-DATE
> Task :expo-dev-launcher-gradle-plugin:compileKotlin UP-TO-DATE
> Task :expo-module-gradle-plugin:compileKotlin UP-TO-DATE
> Task :expo-dev-launcher-gradle-plugin:compileJava NO-SOURCE
> Task :expo-module-gradle-plugin:compileJava NO-SOURCE
> Task :expo-dev-launcher-gradle-plugin:classes UP-TO-DATE
> Task :expo-module-gradle-plugin:classes UP-TO-DATE
> Task :expo-module-gradle-plugin:jar UP-TO-DATE
> Task :expo-dev-launcher-gradle-plugin:jar UP-TO-DATE

> Configure project :app
 ??  [33mApplying gradle plugin[0m '[32mexpo-dev-launcher-gradle-plugin[0m'

> Configure project :
[32m[ExpoRootProject][0m Using the following versions:
  - buildTools:  [32m36.0.0[0m
  - minSdk:      [32m24[0m
  - compileSdk:  [32m36[0m
  - targetSdk:   [32m36[0m
  - ndk:         [32m27.1.12297006[0m
  - kotlin:      [32m2.1.20[0m
  - ksp:         [32m2.1.20-2.0.1[0m

> Configure project :expo

Using expo modules
  - [32mexpo-background-fetch[0m (12.0.1)
  - [32mexpo-constants[0m (18.0.10)
  - [32mexpo-crypto[0m (13.0.2)
  - [32mexpo-dev-client[0m (6.0.17)
  - [32mexpo-dev-launcher[0m (6.0.17)
  - [32mexpo-dev-menu[0m (7.0.16)
  - [32mexpo-dev-menu-interface[0m (2.0.0)
  - [32mexpo-device[0m (7.0.3)
  - [32mexpo-document-picker[0m (12.0.2)
  - [32mexpo-json-utils[0m (0.15.0)
  - [32mexpo-local-authentication[0m (14.0.1)
  - [32mexpo-manifests[0m (1.0.8)
  - [32mexpo-modules-core[0m (3.0.25)
  - [32mexpo-notifications[0m (0.29.14)
  - [32mexpo-secure-store[0m (14.0.1)
  - [32mexpo-sharing[0m (12.0.1)
  - [32mexpo-speech-recognition[0m (0.1.0)
  - [32mexpo-task-manager[0m (12.0.6)
  - [32mexpo-updates-interface[0m (2.0.0)
  - [32munimodules-app-loader[0m (5.0.1)
  - [33m[?][0m [32mexpo-application[0m (6.1.5)
  - [33m[?][0m [32mexpo-asset[0m (12.0.9)
  - [33m[?][0m [32mexpo-camera[0m (17.0.9)
  - [33m[?][0m [32mexpo-file-system[0m (19.0.17)
  - [33m[?][0m [32mexpo-font[0m (14.0.9)
  - [33m[?][0m [32mexpo-keep-awake[0m (15.0.7)
  - [33m[?][0m [32mexpo-linking[0m (8.0.8)
  - [33m[?][0m [32mexpo-mail-composer[0m (15.0.7)
  - [33m[?][0m [32mexpo-print[0m (15.0.7)
  - [33m[?][0m [32mexpo-speech[0m (14.0.7)
  - [33m[?][0m [32mexpo-sqlite[0m (16.0.9)


> Task :expo-background-fetch:preBuild UP-TO-DATE
> Task :expo-background-fetch:preDebugBuild UP-TO-DATE
> Task :expo:generatePackagesList UP-TO-DATE
> Task :expo:preBuild UP-TO-DATE
> Task :expo:preDebugBuild UP-TO-DATE
> Task :expo-background-fetch:writeDebugAarMetadata UP-TO-DATE
> Task :expo:writeDebugAarMetadata UP-TO-DATE
> Task :expo-crypto:preBuild UP-TO-DATE
> Task :expo-crypto:preDebugBuild UP-TO-DATE
> Task :expo-crypto:writeDebugAarMetadata UP-TO-DATE
> Task :expo-dev-client:preBuild UP-TO-DATE
> Task :expo-dev-client:preDebugBuild UP-TO-DATE
> Task :expo-dev-client:writeDebugAarMetadata UP-TO-DATE
> Task :expo-dev-launcher:preBuild UP-TO-DATE
> Task :expo-dev-launcher:preDebugBuild UP-TO-DATE
> Task :expo-dev-launcher:writeDebugAarMetadata UP-TO-DATE
> Task :expo-dev-menu:preBuild UP-TO-DATE
> Task :expo-dev-menu:preDebugBuild UP-TO-DATE
> Task :expo-dev-menu:writeDebugAarMetadata UP-TO-DATE
> Task :expo-dev-menu-interface:preBuild UP-TO-DATE
> Task :expo-dev-menu-interface:preDebugBuild UP-TO-DATE
> Task :expo-dev-menu-interface:writeDebugAarMetadata UP-TO-DATE
> Task :expo-document-picker:preBuild UP-TO-DATE
> Task :expo-document-picker:preDebugBuild UP-TO-DATE
> Task :expo-device:preBuild UP-TO-DATE
> Task :expo-document-picker:writeDebugAarMetadata UP-TO-DATE
> Task :expo-device:preDebugBuild UP-TO-DATE
> Task :expo-device:writeDebugAarMetadata UP-TO-DATE
> Task :expo-json-utils:preBuild UP-TO-DATE
> Task :expo-local-authentication:preBuild UP-TO-DATE
> Task :expo-local-authentication:preDebugBuild UP-TO-DATE
> Task :expo-local-authentication:writeDebugAarMetadata UP-TO-DATE
> Task :expo-manifests:preBuild UP-TO-DATE
> Task :expo-manifests:preDebugBuild UP-TO-DATE
> Task :expo-manifests:writeDebugAarMetadata UP-TO-DATE
> Task :expo-json-utils:preDebugBuild UP-TO-DATE
> Task :expo-modules-core:preBuild UP-TO-DATE
> Task :expo-json-utils:writeDebugAarMetadata UP-TO-DATE
> Task :expo-modules-core:preDebugBuild UP-TO-DATE
> Task :expo-notifications:preBuild UP-TO-DATE
> Task :expo-notifications:preDebugBuild UP-TO-DATE
> Task :expo-modules-core:writeDebugAarMetadata UP-TO-DATE
> Task :expo-notifications:writeDebugAarMetadata UP-TO-DATE
> Task :expo-secure-store:preBuild UP-TO-DATE
> Task :expo-sharing:preBuild UP-TO-DATE
> Task :expo-secure-store:preDebugBuild UP-TO-DATE
> Task :expo-secure-store:writeDebugAarMetadata UP-TO-DATE
> Task :expo-sharing:preDebugBuild UP-TO-DATE
> Task :expo-sharing:writeDebugAarMetadata UP-TO-DATE
> Task :expo-task-manager:preBuild UP-TO-DATE
> Task :expo-task-manager:preDebugBuild UP-TO-DATE
> Task :expo-task-manager:writeDebugAarMetadata UP-TO-DATE
> Task :expo-updates-interface:preBuild UP-TO-DATE
> Task :expo-updates-interface:preDebugBuild UP-TO-DATE
> Task :expo-updates-interface:writeDebugAarMetadata UP-TO-DATE
> Task :expo-speech-recognition:preBuild UP-TO-DATE
> Task :expo-speech-recognition:preDebugBuild UP-TO-DATE
> Task :react-native-async-storage_async-storage:generateCodegenSchemaFromJavaScript UP-TO-DATE
> Task :expo-speech-recognition:writeDebugAarMetadata UP-TO-DATE
> Task :react-native-async-storage_async-storage:generateCodegenArtifactsFromSchema UP-TO-DATE
> Task :react-native-async-storage_async-storage:preBuild UP-TO-DATE
> Task :react-native-async-storage_async-storage:preDebugBuild UP-TO-DATE
> Task :react-native-async-storage_async-storage:writeDebugAarMetadata UP-TO-DATE
> Task :react-native-ble-plx:generateCodegenSchemaFromJavaScript UP-TO-DATE
> Task :react-native-community_datetimepicker:generateCodegenSchemaFromJavaScript UP-TO-DATE
> Task :react-native-ble-plx:generateCodegenArtifactsFromSchema UP-TO-DATE
> Task :react-native-ble-plx:preBuild UP-TO-DATE
> Task :react-native-ble-plx:preDebugBuild UP-TO-DATE
> Task :react-native-community_datetimepicker:generateCodegenArtifactsFromSchema UP-TO-DATE
> Task :react-native-ble-plx:writeDebugAarMetadata UP-TO-DATE
> Task :react-native-community_datetimepicker:preBuild UP-TO-DATE
> Task :react-native-community_datetimepicker:preDebugBuild UP-TO-DATE
> Task :react-native-community_datetimepicker:writeDebugAarMetadata UP-TO-DATE
> Task :react-native-get-random-values:generateCodegenSchemaFromJavaScript UP-TO-DATE
> Task :react-native-get-random-values:generateCodegenArtifactsFromSchema UP-TO-DATE
> Task :react-native-get-random-values:preBuild UP-TO-DATE
> Task :react-native-get-random-values:preDebugBuild UP-TO-DATE
> Task :react-native-get-random-values:writeDebugAarMetadata UP-TO-DATE
> Task :react-native-picker_picker:generateCodegenSchemaFromJavaScript UP-TO-DATE
> Task :react-native-picker_picker:generateCodegenArtifactsFromSchema UP-TO-DATE
> Task :react-native-picker_picker:preBuild UP-TO-DATE
> Task :react-native-picker_picker:preDebugBuild UP-TO-DATE
> Task :react-native-picker_picker:writeDebugAarMetadata UP-TO-DATE
> Task :react-native-safe-area-context:generateCodegenSchemaFromJavaScript UP-TO-DATE
> Task :react-native-safe-area-context:generateCodegenArtifactsFromSchema UP-TO-DATE
> Task :react-native-safe-area-context:preBuild UP-TO-DATE
> Task :react-native-safe-area-context:preDebugBuild UP-TO-DATE
> Task :react-native-safe-area-context:writeDebugAarMetadata UP-TO-DATE
> Task :react-native-screens:generateCodegenSchemaFromJavaScript UP-TO-DATE
> Task :react-native-screens:generateCodegenArtifactsFromSchema UP-TO-DATE
> Task :react-native-screens:preBuild UP-TO-DATE
> Task :react-native-screens:preDebugBuild UP-TO-DATE
> Task :react-native-screens:writeDebugAarMetadata UP-TO-DATE
> Task :react-native-svg:generateCodegenSchemaFromJavaScript UP-TO-DATE
> Task :react-native-svg:generateCodegenArtifactsFromSchema UP-TO-DATE
> Task :react-native-svg:preBuild UP-TO-DATE
> Task :react-native-svg:preDebugBuild UP-TO-DATE
> Task :react-native-svg:writeDebugAarMetadata UP-TO-DATE
> Task :react-native-voice_voice:preBuild UP-TO-DATE
> Task :react-native-voice_voice:preDebugBuild UP-TO-DATE
> Task :react-native-voice_voice:writeDebugAarMetadata UP-TO-DATE
> Task :app:generateAutolinkingNewArchitectureFiles UP-TO-DATE
> Task :app:generateAutolinkingPackageList UP-TO-DATE
> Task :app:generateCodegenSchemaFromJavaScript SKIPPED
> Task :app:generateCodegenArtifactsFromSchema SKIPPED
> Task :app:generateReactNativeEntryPoint UP-TO-DATE
> Task :app:preBuild UP-TO-DATE
> Task :app:preDebugBuild UP-TO-DATE
> Task :app:mergeDebugNativeDebugMetadata NO-SOURCE
> Task :app:checkKotlinGradlePluginConfigurationErrors SKIPPED
> Task :app:generateDebugBuildConfig UP-TO-DATE
> Task :unimodules-app-loader:preBuild UP-TO-DATE
> Task :unimodules-app-loader:preDebugBuild UP-TO-DATE
> Task :unimodules-app-loader:writeDebugAarMetadata UP-TO-DATE
> Task :app:generateDebugResValues UP-TO-DATE
> Task :expo:generateDebugResValues UP-TO-DATE
> Task :expo:generateDebugResources UP-TO-DATE
> Task :expo:packageDebugResources UP-TO-DATE
> Task :expo-background-fetch:generateDebugResValues UP-TO-DATE
> Task :expo-background-fetch:generateDebugResources UP-TO-DATE
> Task :expo-background-fetch:packageDebugResources UP-TO-DATE
> Task :expo-crypto:generateDebugResValues UP-TO-DATE
> Task :expo-crypto:generateDebugResources UP-TO-DATE
> Task :expo-crypto:packageDebugResources UP-TO-DATE
> Task :expo-dev-client:generateDebugResValues UP-TO-DATE
> Task :expo-dev-client:generateDebugResources UP-TO-DATE
> Task :expo-dev-client:packageDebugResources UP-TO-DATE
> Task :expo-dev-launcher:generateDebugResValues UP-TO-DATE
> Task :expo-dev-launcher:generateDebugResources UP-TO-DATE
> Task :expo-dev-launcher:packageDebugResources UP-TO-DATE
> Task :expo-dev-menu:generateDebugResValues UP-TO-DATE
> Task :expo-dev-menu:generateDebugResources UP-TO-DATE
> Task :expo-dev-menu:packageDebugResources UP-TO-DATE
> Task :expo-dev-menu-interface:generateDebugResValues UP-TO-DATE
> Task :expo-dev-menu-interface:generateDebugResources UP-TO-DATE
> Task :expo-dev-menu-interface:packageDebugResources UP-TO-DATE
> Task :expo-device:generateDebugResValues UP-TO-DATE
> Task :expo-device:generateDebugResources UP-TO-DATE
> Task :expo-device:packageDebugResources UP-TO-DATE
> Task :expo-document-picker:generateDebugResValues UP-TO-DATE
> Task :expo-document-picker:generateDebugResources UP-TO-DATE
> Task :expo-document-picker:packageDebugResources UP-TO-DATE
> Task :expo-json-utils:generateDebugResValues UP-TO-DATE
> Task :expo-json-utils:generateDebugResources UP-TO-DATE
> Task :expo-json-utils:packageDebugResources UP-TO-DATE
> Task :expo-local-authentication:generateDebugResValues UP-TO-DATE
> Task :expo-local-authentication:generateDebugResources UP-TO-DATE
> Task :expo-local-authentication:packageDebugResources UP-TO-DATE
> Task :expo-manifests:generateDebugResValues UP-TO-DATE
> Task :expo-manifests:generateDebugResources UP-TO-DATE
> Task :expo-manifests:packageDebugResources UP-TO-DATE
> Task :expo-modules-core:generateDebugResValues UP-TO-DATE
> Task :expo-modules-core:generateDebugResources UP-TO-DATE
> Task :expo-modules-core:packageDebugResources UP-TO-DATE
> Task :expo-notifications:generateDebugResValues UP-TO-DATE
> Task :expo-notifications:generateDebugResources UP-TO-DATE
> Task :expo-notifications:packageDebugResources UP-TO-DATE
> Task :expo-secure-store:generateDebugResValues UP-TO-DATE
> Task :expo-secure-store:generateDebugResources UP-TO-DATE
> Task :expo-secure-store:packageDebugResources UP-TO-DATE
> Task :expo-sharing:generateDebugResValues UP-TO-DATE
> Task :expo-sharing:generateDebugResources UP-TO-DATE
> Task :expo-sharing:packageDebugResources UP-TO-DATE
> Task :expo-speech-recognition:generateDebugResValues UP-TO-DATE
> Task :expo-speech-recognition:generateDebugResources UP-TO-DATE
> Task :expo-speech-recognition:packageDebugResources UP-TO-DATE
> Task :expo-task-manager:generateDebugResValues UP-TO-DATE
> Task :expo-task-manager:generateDebugResources UP-TO-DATE
> Task :expo-task-manager:packageDebugResources UP-TO-DATE
> Task :expo-updates-interface:generateDebugResValues UP-TO-DATE
> Task :expo-updates-interface:generateDebugResources UP-TO-DATE
> Task :expo-updates-interface:packageDebugResources UP-TO-DATE
> Task :react-native-async-storage_async-storage:generateDebugResValues UP-TO-DATE
> Task :react-native-reanimated:assertMinimalReactNativeVersionTask
> Task :react-native-reanimated:assertNewArchitectureEnabledTask SKIPPED
> Task :react-native-async-storage_async-storage:generateDebugResources UP-TO-DATE
> Task :react-native-async-storage_async-storage:packageDebugResources UP-TO-DATE
> Task :react-native-ble-plx:generateDebugResValues UP-TO-DATE
> Task :react-native-worklets:assertMinimalReactNativeVersionTask
> Task :react-native-worklets:assertNewArchitectureEnabledTask SKIPPED
> Task :react-native-worklets:generateCodegenSchemaFromJavaScript UP-TO-DATE
> Task :react-native-worklets:generateCodegenArtifactsFromSchema UP-TO-DATE
> Task :react-native-ble-plx:generateDebugResources UP-TO-DATE
> Task :react-native-ble-plx:packageDebugResources UP-TO-DATE
> Task :react-native-community_datetimepicker:generateDebugResValues UP-TO-DATE
> Task :react-native-community_datetimepicker:generateDebugResources UP-TO-DATE
> Task :react-native-community_datetimepicker:packageDebugResources UP-TO-DATE
> Task :react-native-get-random-values:generateDebugResValues UP-TO-DATE
> Task :react-native-get-random-values:generateDebugResources UP-TO-DATE
> Task :react-native-get-random-values:packageDebugResources UP-TO-DATE
> Task :react-native-picker_picker:generateDebugResValues UP-TO-DATE
> Task :react-native-picker_picker:generateDebugResources UP-TO-DATE
> Task :react-native-picker_picker:packageDebugResources UP-TO-DATE
> Task :react-native-safe-area-context:generateDebugResValues UP-TO-DATE
> Task :react-native-safe-area-context:generateDebugResources UP-TO-DATE
> Task :react-native-safe-area-context:packageDebugResources UP-TO-DATE
> Task :react-native-screens:generateDebugResValues UP-TO-DATE
> Task :react-native-screens:generateDebugResources UP-TO-DATE
> Task :react-native-worklets:prepareWorkletsHeadersForPrefabs UP-TO-DATE
> Task :react-native-worklets:preBuild
> Task :react-native-worklets:preDebugBuild
> Task :react-native-worklets:writeDebugAarMetadata UP-TO-DATE
> Task :react-native-screens:packageDebugResources UP-TO-DATE
> Task :react-native-voice_voice:generateDebugResValues UP-TO-DATE
> Task :react-native-svg:generateDebugResValues UP-TO-DATE
> Task :react-native-voice_voice:generateDebugResources UP-TO-DATE
> Task :react-native-svg:generateDebugResources UP-TO-DATE
> Task :react-native-svg:packageDebugResources UP-TO-DATE
> Task :react-native-voice_voice:packageDebugResources UP-TO-DATE
> Task :unimodules-app-loader:generateDebugResValues UP-TO-DATE
> Task :react-native-worklets:generateDebugResValues UP-TO-DATE
> Task :unimodules-app-loader:generateDebugResources UP-TO-DATE
> Task :react-native-worklets:generateDebugResources UP-TO-DATE
> Task :react-native-worklets:packageDebugResources UP-TO-DATE
> Task :unimodules-app-loader:packageDebugResources UP-TO-DATE
> Task :app:generateDebugResources UP-TO-DATE
> Task :expo:extractDeepLinksDebug UP-TO-DATE
> Task :app:packageDebugResources UP-TO-DATE
> Task :expo:processDebugManifest UP-TO-DATE
> Task :expo-background-fetch:extractDeepLinksDebug UP-TO-DATE
> Task :app:parseDebugLocalResources UP-TO-DATE
> Task :app:createDebugCompatibleScreenManifests UP-TO-DATE
> Task :app:extractDeepLinksDebug UP-TO-DATE
> Task :expo-crypto:extractDeepLinksDebug UP-TO-DATE
> Task :expo-background-fetch:processDebugManifest UP-TO-DATE
> Task :expo-crypto:processDebugManifest UP-TO-DATE
> Task :expo-dev-launcher:extractDeepLinksDebug UP-TO-DATE
> Task :expo-dev-client:extractDeepLinksDebug UP-TO-DATE
> Task :expo-dev-client:processDebugManifest UP-TO-DATE
> Task :expo-dev-launcher:processDebugManifest UP-TO-DATE
> Task :expo-dev-menu:extractDeepLinksDebug UP-TO-DATE
> Task :expo-dev-menu:processDebugManifest UP-TO-DATE
> Task :expo-dev-menu-interface:extractDeepLinksDebug UP-TO-DATE
> Task :expo-device:extractDeepLinksDebug UP-TO-DATE
> Task :expo-dev-menu-interface:processDebugManifest UP-TO-DATE
> Task :expo-device:processDebugManifest UP-TO-DATE
> Task :expo-document-picker:extractDeepLinksDebug UP-TO-DATE
> Task :expo-json-utils:extractDeepLinksDebug UP-TO-DATE
> Task :react-native-reanimated:assertWorkletsVersionTask
> Task :expo-document-picker:processDebugManifest UP-TO-DATE
> Task :expo-json-utils:processDebugManifest UP-TO-DATE
> Task :react-native-reanimated:generateCodegenSchemaFromJavaScript UP-TO-DATE
> Task :expo-manifests:extractDeepLinksDebug UP-TO-DATE
> Task :expo-local-authentication:extractDeepLinksDebug UP-TO-DATE
> Task :expo-local-authentication:processDebugManifest UP-TO-DATE
> Task :expo-modules-core:extractDeepLinksDebug UP-TO-DATE
> Task :expo-manifests:processDebugManifest UP-TO-DATE
> Task :expo-notifications:extractDeepLinksDebug UP-TO-DATE
> Task :react-native-reanimated:generateCodegenArtifactsFromSchema UP-TO-DATE
> Task :expo-modules-core:processDebugManifest UP-TO-DATE
> Task :expo-secure-store:extractDeepLinksDebug UP-TO-DATE
> Task :expo-notifications:processDebugManifest UP-TO-DATE
> Task :expo-sharing:extractDeepLinksDebug UP-TO-DATE
> Task :expo-secure-store:processDebugManifest UP-TO-DATE
> Task :expo-sharing:processDebugManifest UP-TO-DATE
> Task :expo-speech-recognition:extractDeepLinksDebug UP-TO-DATE
> Task :expo-speech-recognition:processDebugManifest UP-TO-DATE
> Task :expo-updates-interface:extractDeepLinksDebug UP-TO-DATE
> Task :expo-updates-interface:processDebugManifest UP-TO-DATE
> Task :react-native-async-storage_async-storage:extractDeepLinksDebug UP-TO-DATE
> Task :expo-task-manager:extractDeepLinksDebug UP-TO-DATE
> Task :expo-task-manager:processDebugManifest UP-TO-DATE
> Task :react-native-async-storage_async-storage:processDebugManifest UP-TO-DATE
> Task :react-native-community_datetimepicker:extractDeepLinksDebug UP-TO-DATE
> Task :react-native-ble-plx:extractDeepLinksDebug UP-TO-DATE
> Task :react-native-reanimated:prepareReanimatedHeadersForPrefabs UP-TO-DATE
> Task :react-native-reanimated:preBuild
> Task :react-native-reanimated:preDebugBuild
> Task :react-native-community_datetimepicker:processDebugManifest UP-TO-DATE
> Task :react-native-reanimated:writeDebugAarMetadata UP-TO-DATE
> Task :react-native-get-random-values:extractDeepLinksDebug UP-TO-DATE
> Task :react-native-reanimated:generateDebugResValues UP-TO-DATE
> Task :react-native-ble-plx:processDebugManifest UP-TO-DATE
> Task :react-native-reanimated:generateDebugResources UP-TO-DATE
> Task :react-native-picker_picker:extractDeepLinksDebug UP-TO-DATE
> Task :react-native-get-random-values:processDebugManifest UP-TO-DATE
> Task :react-native-safe-area-context:extractDeepLinksDebug UP-TO-DATE
> Task :react-native-picker_picker:processDebugManifest UP-TO-DATE
> Task :react-native-screens:extractDeepLinksDebug UP-TO-DATE
> Task :react-native-safe-area-context:processDebugManifest UP-TO-DATE
> Task :react-native-reanimated:packageDebugResources UP-TO-DATE
> Task :react-native-svg:extractDeepLinksDebug UP-TO-DATE
> Task :react-native-reanimated:extractDeepLinksDebug UP-TO-DATE
> Task :react-native-screens:processDebugManifest UP-TO-DATE
> Task :react-native-svg:processDebugManifest UP-TO-DATE
> Task :react-native-voice_voice:extractDeepLinksDebug UP-TO-DATE
> Task :react-native-worklets:extractDeepLinksDebug UP-TO-DATE
> Task :react-native-reanimated:processDebugManifest UP-TO-DATE
> Task :unimodules-app-loader:extractDeepLinksDebug UP-TO-DATE
> Task :react-native-worklets:processDebugManifest UP-TO-DATE
> Task :react-native-voice_voice:processDebugManifest UP-TO-DATE
> Task :unimodules-app-loader:processDebugManifest UP-TO-DATE
> Task :expo-background-fetch:compileDebugLibraryResources UP-TO-DATE
> Task :expo-background-fetch:parseDebugLocalResources UP-TO-DATE
> Task :expo-background-fetch:generateDebugRFile UP-TO-DATE
> Task :expo:compileDebugLibraryResources UP-TO-DATE
> Task :expo-crypto:compileDebugLibraryResources UP-TO-DATE
> Task :expo-dev-client:compileDebugLibraryResources UP-TO-DATE
> Task :expo:parseDebugLocalResources UP-TO-DATE
> Task :expo-crypto:parseDebugLocalResources UP-TO-DATE
> Task :expo-dev-client:parseDebugLocalResources UP-TO-DATE
> Task :expo:generateDebugRFile UP-TO-DATE
> Task :expo-crypto:generateDebugRFile UP-TO-DATE
> Task :expo-dev-launcher:compileDebugLibraryResources UP-TO-DATE
> Task :expo-dev-client:generateDebugRFile UP-TO-DATE
> Task :expo-dev-menu:compileDebugLibraryResources UP-TO-DATE
> Task :expo-dev-launcher:parseDebugLocalResources UP-TO-DATE
> Task :expo-dev-menu-interface:compileDebugLibraryResources UP-TO-DATE
> Task :expo-dev-menu-interface:parseDebugLocalResources UP-TO-DATE
> Task :expo-dev-menu-interface:generateDebugRFile UP-TO-DATE
> Task :expo-dev-menu:parseDebugLocalResources UP-TO-DATE
> Task :expo-device:compileDebugLibraryResources UP-TO-DATE
> Task :expo-dev-launcher:generateDebugRFile UP-TO-DATE
> Task :expo-document-picker:compileDebugLibraryResources UP-TO-DATE
> Task :expo-device:parseDebugLocalResources UP-TO-DATE
> Task :expo-document-picker:parseDebugLocalResources UP-TO-DATE
> Task :expo-device:generateDebugRFile UP-TO-DATE
> Task :expo-json-utils:compileDebugLibraryResources UP-TO-DATE
> Task :expo-document-picker:generateDebugRFile UP-TO-DATE
> Task :expo-dev-menu:generateDebugRFile UP-TO-DATE
> Task :expo-local-authentication:compileDebugLibraryResources UP-TO-DATE
> Task :expo-manifests:compileDebugLibraryResources UP-TO-DATE
> Task :expo-json-utils:parseDebugLocalResources UP-TO-DATE
> Task :expo-local-authentication:parseDebugLocalResources UP-TO-DATE
> Task :expo-manifests:parseDebugLocalResources UP-TO-DATE
> Task :expo-json-utils:generateDebugRFile UP-TO-DATE
> Task :expo-modules-core:compileDebugLibraryResources UP-TO-DATE
> Task :expo-local-authentication:generateDebugRFile UP-TO-DATE
> Task :expo-manifests:generateDebugRFile UP-TO-DATE
> Task :expo-notifications:compileDebugLibraryResources UP-TO-DATE
> Task :expo-secure-store:compileDebugLibraryResources UP-TO-DATE
> Task :expo-modules-core:parseDebugLocalResources UP-TO-DATE
> Task :expo-secure-store:parseDebugLocalResources UP-TO-DATE
> Task :expo-notifications:parseDebugLocalResources UP-TO-DATE
> Task :expo-modules-core:generateDebugRFile UP-TO-DATE
> Task :expo-secure-store:generateDebugRFile UP-TO-DATE
> Task :expo-sharing:compileDebugLibraryResources UP-TO-DATE
> Task :expo-speech-recognition:compileDebugLibraryResources UP-TO-DATE
> Task :expo-notifications:generateDebugRFile UP-TO-DATE
> Task :expo-task-manager:compileDebugLibraryResources UP-TO-DATE
> Task :expo-speech-recognition:parseDebugLocalResources UP-TO-DATE
> Task :expo-speech-recognition:generateDebugRFile UP-TO-DATE
> Task :expo-task-manager:parseDebugLocalResources UP-TO-DATE
> Task :expo-updates-interface:compileDebugLibraryResources UP-TO-DATE
> Task :expo-task-manager:generateDebugRFile UP-TO-DATE
> Task :expo-updates-interface:parseDebugLocalResources UP-TO-DATE
> Task :react-native-async-storage_async-storage:compileDebugLibraryResources UP-TO-DATE
> Task :expo-updates-interface:generateDebugRFile UP-TO-DATE
> Task :react-native-ble-plx:compileDebugLibraryResources UP-TO-DATE
> Task :expo-sharing:parseDebugLocalResources UP-TO-DATE
> Task :react-native-async-storage_async-storage:parseDebugLocalResources UP-TO-DATE
> Task :expo-sharing:generateDebugRFile UP-TO-DATE
> Task :react-native-async-storage_async-storage:generateDebugRFile UP-TO-DATE
> Task :react-native-get-random-values:compileDebugLibraryResources UP-TO-DATE
> Task :react-native-community_datetimepicker:compileDebugLibraryResources UP-TO-DATE
> Task :react-native-get-random-values:parseDebugLocalResources UP-TO-DATE
> Task :react-native-community_datetimepicker:parseDebugLocalResources UP-TO-DATE
> Task :react-native-get-random-values:generateDebugRFile UP-TO-DATE
> Task :react-native-picker_picker:compileDebugLibraryResources UP-TO-DATE
> Task :react-native-community_datetimepicker:generateDebugRFile UP-TO-DATE
> Task :react-native-picker_picker:parseDebugLocalResources UP-TO-DATE
> Task :react-native-reanimated:compileDebugLibraryResources UP-TO-DATE
> Task :react-native-picker_picker:generateDebugRFile UP-TO-DATE
> Task :react-native-ble-plx:parseDebugLocalResources UP-TO-DATE
> Task :react-native-reanimated:parseDebugLocalResources UP-TO-DATE
> Task :react-native-safe-area-context:compileDebugLibraryResources UP-TO-DATE
> Task :react-native-ble-plx:generateDebugRFile UP-TO-DATE
> Task :react-native-reanimated:generateDebugRFile UP-TO-DATE
> Task :react-native-safe-area-context:parseDebugLocalResources UP-TO-DATE
> Task :react-native-screens:compileDebugLibraryResources UP-TO-DATE
> Task :react-native-svg:compileDebugLibraryResources UP-TO-DATE
> Task :react-native-safe-area-context:generateDebugRFile UP-TO-DATE
> Task :react-native-voice_voice:compileDebugLibraryResources UP-TO-DATE
> Task :react-native-screens:parseDebugLocalResources UP-TO-DATE
> Task :react-native-svg:parseDebugLocalResources UP-TO-DATE
> Task :react-native-screens:generateDebugRFile UP-TO-DATE
> Task :react-native-svg:generateDebugRFile UP-TO-DATE
> Task :unimodules-app-loader:compileDebugLibraryResources UP-TO-DATE
> Task :react-native-worklets:compileDebugLibraryResources UP-TO-DATE
> Task :unimodules-app-loader:parseDebugLocalResources UP-TO-DATE
> Task :unimodules-app-loader:generateDebugRFile UP-TO-DATE
> Task :expo:checkKotlinGradlePluginConfigurationErrors SKIPPED
> Task :expo:generateDebugBuildConfig UP-TO-DATE
> Task :expo-background-fetch:checkKotlinGradlePluginConfigurationErrors SKIPPED
> Task :expo-background-fetch:generateDebugBuildConfig UP-TO-DATE
> Task :expo-modules-core:checkKotlinGradlePluginConfigurationErrors SKIPPED
> Task :expo-modules-core:generateDebugBuildConfig UP-TO-DATE
> Task :react-native-voice_voice:parseDebugLocalResources UP-TO-DATE
> Task :react-native-voice_voice:generateDebugRFile UP-TO-DATE
> Task :expo-background-fetch:javaPreCompileDebug UP-TO-DATE
> Task :expo-crypto:checkKotlinGradlePluginConfigurationErrors SKIPPED
> Task :expo-crypto:generateDebugBuildConfig UP-TO-DATE
> Task :expo-crypto:javaPreCompileDebug UP-TO-DATE
> Task :expo-dev-client:checkKotlinGradlePluginConfigurationErrors SKIPPED
> Task :react-native-worklets:parseDebugLocalResources UP-TO-DATE
> Task :expo-dev-client:dataBindingMergeDependencyArtifactsDebug UP-TO-DATE
> Task :expo-dev-client:dataBindingGenBaseClassesDebug UP-TO-DATE
> Task :expo-dev-client:generateDebugBuildConfig UP-TO-DATE
> Task :expo-dev-client:javaPreCompileDebug UP-TO-DATE
> Task :expo-dev-launcher:checkKotlinGradlePluginConfigurationErrors SKIPPED
> Task :react-native-worklets:generateDebugRFile UP-TO-DATE
> Task :expo-dev-menu:checkKotlinGradlePluginConfigurationErrors SKIPPED
> Task :expo-dev-menu:generateDebugBuildConfig UP-TO-DATE
> Task :expo-dev-menu-interface:checkKotlinGradlePluginConfigurationErrors SKIPPED
> Task :expo-dev-menu-interface:generateDebugBuildConfig UP-TO-DATE
> Task :expo-dev-menu-interface:javaPreCompileDebug UP-TO-DATE
> Task :expo-json-utils:checkKotlinGradlePluginConfigurationErrors SKIPPED
> Task :expo-json-utils:generateDebugBuildConfig UP-TO-DATE
> Task :expo-json-utils:javaPreCompileDebug UP-TO-DATE
> Task :expo-manifests:checkKotlinGradlePluginConfigurationErrors SKIPPED
> Task :expo-manifests:generateDebugBuildConfig UP-TO-DATE
> Task :expo-manifests:javaPreCompileDebug UP-TO-DATE
> Task :expo-dev-launcher:dataBindingMergeDependencyArtifactsDebug UP-TO-DATE
> Task :expo-dev-menu:javaPreCompileDebug UP-TO-DATE
> Task :expo-updates-interface:checkKotlinGradlePluginConfigurationErrors SKIPPED
> Task :expo-updates-interface:generateDebugBuildConfig UP-TO-DATE
> Task :expo-dev-launcher:dataBindingGenBaseClassesDebug UP-TO-DATE
> Task :expo-dev-launcher:generateDebugBuildConfig UP-TO-DATE

> Task :expo-constants:createExpoConfig
The NODE_ENV environment variable is required but was not specified. Ensure the project is bundled with Expo CLI or NODE_ENV is set. Using only .env.local and .env
env: load .env
env: export EXPO_PUBLIC_SUPABASE_URL EXPO_PUBLIC_SUPABASE_ANON_KEY

> Task :expo-constants:preBuild
> Task :expo-constants:preDebugBuild
> Task :expo-constants:writeDebugAarMetadata UP-TO-DATE
> Task :app:checkDebugAarMetadata UP-TO-DATE
> Task :expo-constants:generateDebugResValues UP-TO-DATE
> Task :expo-constants:generateDebugResources UP-TO-DATE
> Task :expo-constants:packageDebugResources UP-TO-DATE
> Task :app:mapDebugSourceSetPaths UP-TO-DATE
> Task :app:mergeDebugResources UP-TO-DATE
> Task :expo-constants:extractDeepLinksDebug UP-TO-DATE
> Task :expo-constants:processDebugManifest UP-TO-DATE
> Task :app:processDebugMainManifest UP-TO-DATE
> Task :app:processDebugManifest UP-TO-DATE
> Task :app:processDebugManifestForPackage UP-TO-DATE
> Task :expo-constants:compileDebugLibraryResources UP-TO-DATE
> Task :expo-constants:parseDebugLocalResources UP-TO-DATE
> Task :expo-updates-interface:javaPreCompileDebug UP-TO-DATE
> Task :expo-device:checkKotlinGradlePluginConfigurationErrors SKIPPED
> Task :expo-device:generateDebugBuildConfig UP-TO-DATE
> Task :expo-device:javaPreCompileDebug UP-TO-DATE
> Task :expo-document-picker:checkKotlinGradlePluginConfigurationErrors SKIPPED
> Task :expo-document-picker:generateDebugBuildConfig UP-TO-DATE
> Task :expo-document-picker:javaPreCompileDebug UP-TO-DATE
> Task :expo-local-authentication:checkKotlinGradlePluginConfigurationErrors SKIPPED
> Task :expo-local-authentication:generateDebugBuildConfig UP-TO-DATE
> Task :expo-local-authentication:javaPreCompileDebug UP-TO-DATE
> Task :expo-notifications:checkKotlinGradlePluginConfigurationErrors SKIPPED
> Task :expo-notifications:generateDebugBuildConfig UP-TO-DATE
> Task :expo-notifications:javaPreCompileDebug UP-TO-DATE
> Task :expo-secure-store:checkKotlinGradlePluginConfigurationErrors SKIPPED
> Task :expo-dev-launcher:checkApolloVersions UP-TO-DATE
> Task :expo-secure-store:generateDebugBuildConfig UP-TO-DATE
> Task :expo-secure-store:javaPreCompileDebug UP-TO-DATE
> Task :expo-sharing:checkKotlinGradlePluginConfigurationErrors SKIPPED
> Task :expo-dev-launcher:generateServiceApolloOptions UP-TO-DATE
> Task :expo-sharing:generateDebugBuildConfig UP-TO-DATE
> Task :expo-sharing:javaPreCompileDebug UP-TO-DATE
> Task :expo-speech-recognition:checkKotlinGradlePluginConfigurationErrors SKIPPED
> Task :expo-speech-recognition:generateDebugBuildConfig UP-TO-DATE
> Task :expo-speech-recognition:javaPreCompileDebug UP-TO-DATE
> Task :expo-task-manager:checkKotlinGradlePluginConfigurationErrors SKIPPED
> Task :expo-constants:generateDebugRFile UP-TO-DATE
> Task :expo-task-manager:generateDebugBuildConfig UP-TO-DATE
> Task :expo-constants:checkKotlinGradlePluginConfigurationErrors SKIPPED
> Task :expo-constants:generateDebugBuildConfig UP-TO-DATE
> Task :expo-constants:javaPreCompileDebug UP-TO-DATE
> Task :unimodules-app-loader:checkKotlinGradlePluginConfigurationErrors SKIPPED
> Task :unimodules-app-loader:generateDebugBuildConfig UP-TO-DATE
> Task :unimodules-app-loader:javaPreCompileDebug UP-TO-DATE
> Task :expo-task-manager:javaPreCompileDebug UP-TO-DATE
> Task :expo:javaPreCompileDebug UP-TO-DATE
> Task :react-native-async-storage_async-storage:generateDebugBuildConfig UP-TO-DATE
> Task :react-native-async-storage_async-storage:javaPreCompileDebug UP-TO-DATE
> Task :app:processDebugResources UP-TO-DATE
> Task :react-native-ble-plx:generateDebugBuildConfig UP-TO-DATE
> Task :react-native-ble-plx:javaPreCompileDebug UP-TO-DATE
> Task :expo-dev-launcher:generateServiceApolloSources UP-TO-DATE
> Task :expo-dev-launcher:javaPreCompileDebug UP-TO-DATE
> Task :react-native-community_datetimepicker:checkKotlinGradlePluginConfigurationErrors SKIPPED
> Task :react-native-community_datetimepicker:generateDebugBuildConfig UP-TO-DATE
> Task :react-native-async-storage_async-storage:compileDebugJavaWithJavac UP-TO-DATE
> Task :react-native-async-storage_async-storage:bundleLibCompileToJarDebug UP-TO-DATE
> Task :react-native-get-random-values:generateDebugBuildConfig UP-TO-DATE
> Task :react-native-get-random-values:javaPreCompileDebug UP-TO-DATE
> Task :react-native-community_datetimepicker:compileDebugKotlin UP-TO-DATE
> Task :react-native-community_datetimepicker:javaPreCompileDebug UP-TO-DATE
> Task :expo-modules-core:compileDebugKotlin UP-TO-DATE
> Task :expo-modules-core:javaPreCompileDebug UP-TO-DATE
> Task :expo-modules-core:compileDebugJavaWithJavac UP-TO-DATE
> Task :react-native-ble-plx:compileDebugJavaWithJavac UP-TO-DATE
> Task :expo-modules-core:bundleLibCompileToJarDebug UP-TO-DATE
> Task :react-native-ble-plx:bundleLibCompileToJarDebug UP-TO-DATE
> Task :react-native-get-random-values:compileDebugJavaWithJavac UP-TO-DATE
> Task :react-native-community_datetimepicker:compileDebugJavaWithJavac UP-TO-DATE
> Task :expo-dev-client:compileDebugKotlin NO-SOURCE
> Task :expo-dev-client:compileDebugJavaWithJavac UP-TO-DATE
> Task :expo-dev-client:bundleLibCompileToJarDebug UP-TO-DATE
> Task :expo-background-fetch:compileDebugKotlin UP-TO-DATE
> Task :expo-background-fetch:compileDebugJavaWithJavac UP-TO-DATE
> Task :expo-background-fetch:bundleLibCompileToJarDebug UP-TO-DATE
> Task :expo-dev-menu-interface:compileDebugKotlin UP-TO-DATE
> Task :expo-crypto:compileDebugKotlin UP-TO-DATE
> Task :expo-crypto:compileDebugJavaWithJavac UP-TO-DATE
> Task :expo-crypto:bundleLibCompileToJarDebug UP-TO-DATE
> Task :expo-constants:compileDebugKotlin UP-TO-DATE
> Task :expo-json-utils:compileDebugKotlin UP-TO-DATE
> Task :expo-dev-menu-interface:compileDebugJavaWithJavac UP-TO-DATE
> Task :expo-dev-menu-interface:bundleLibCompileToJarDebug UP-TO-DATE
> Task :expo-json-utils:compileDebugJavaWithJavac UP-TO-DATE
> Task :expo-json-utils:bundleLibCompileToJarDebug UP-TO-DATE
> Task :expo-updates-interface:compileDebugKotlin UP-TO-DATE
> Task :expo-constants:compileDebugJavaWithJavac UP-TO-DATE
> Task :expo-constants:bundleLibCompileToJarDebug UP-TO-DATE
> Task :expo-updates-interface:compileDebugJavaWithJavac UP-TO-DATE
> Task :expo-updates-interface:bundleLibCompileToJarDebug UP-TO-DATE
> Task :expo-device:compileDebugKotlin UP-TO-DATE
> Task :expo-manifests:compileDebugKotlin UP-TO-DATE
> Task :expo-manifests:compileDebugJavaWithJavac UP-TO-DATE
> Task :expo-manifests:bundleLibCompileToJarDebug UP-TO-DATE
> Task :expo-document-picker:compileDebugKotlin UP-TO-DATE
> Task :expo-device:compileDebugJavaWithJavac UP-TO-DATE
> Task :expo-device:bundleLibCompileToJarDebug UP-TO-DATE
> Task :expo-document-picker:compileDebugJavaWithJavac UP-TO-DATE
> Task :expo-document-picker:bundleLibCompileToJarDebug UP-TO-DATE
> Task :expo-local-authentication:compileDebugKotlin UP-TO-DATE
> Task :expo-local-authentication:compileDebugJavaWithJavac UP-TO-DATE
> Task :expo-local-authentication:bundleLibCompileToJarDebug UP-TO-DATE
> Task :expo-sharing:compileDebugKotlin UP-TO-DATE
> Task :expo-sharing:compileDebugJavaWithJavac UP-TO-DATE
> Task :expo-sharing:bundleLibCompileToJarDebug UP-TO-DATE
> Task :expo-notifications:compileDebugKotlin UP-TO-DATE
> Task :expo-dev-menu:compileDebugKotlin UP-TO-DATE
> Task :expo-notifications:compileDebugJavaWithJavac UP-TO-DATE
> Task :expo-notifications:bundleLibCompileToJarDebug UP-TO-DATE
> Task :unimodules-app-loader:compileDebugKotlin NO-SOURCE
> Task :unimodules-app-loader:compileDebugJavaWithJavac UP-TO-DATE
> Task :unimodules-app-loader:bundleLibCompileToJarDebug UP-TO-DATE
> Task :expo-secure-store:compileDebugKotlin UP-TO-DATE
> Task :expo-dev-menu:compileDebugJavaWithJavac UP-TO-DATE
> Task :expo-dev-menu:bundleLibCompileToJarDebug UP-TO-DATE
> Task :expo-secure-store:compileDebugJavaWithJavac UP-TO-DATE
> Task :expo-secure-store:bundleLibCompileToJarDebug UP-TO-DATE
> Task :expo-speech-recognition:compileDebugKotlin UP-TO-DATE
> Task :expo-speech-recognition:compileDebugJavaWithJavac UP-TO-DATE
> Task :expo-speech-recognition:bundleLibCompileToJarDebug UP-TO-DATE
> Task :react-native-get-random-values:bundleLibCompileToJarDebug UP-TO-DATE
> Task :react-native-community_datetimepicker:bundleLibCompileToJarDebug UP-TO-DATE
> Task :react-native-picker_picker:generateDebugBuildConfig UP-TO-DATE
> Task :react-native-picker_picker:javaPreCompileDebug UP-TO-DATE
> Task :react-native-reanimated:generateDebugBuildConfig UP-TO-DATE
> Task :react-native-reanimated:javaPreCompileDebug UP-TO-DATE
> Task :react-native-worklets:generateDebugBuildConfig UP-TO-DATE
> Task :react-native-worklets:javaPreCompileDebug UP-TO-DATE
> Task :react-native-worklets:compileDebugJavaWithJavac UP-TO-DATE
> Task :react-native-picker_picker:compileDebugJavaWithJavac UP-TO-DATE
> Task :react-native-picker_picker:bundleLibCompileToJarDebug UP-TO-DATE
> Task :react-native-safe-area-context:checkKotlinGradlePluginConfigurationErrors SKIPPED
> Task :react-native-safe-area-context:generateDebugBuildConfig UP-TO-DATE
> Task :react-native-worklets:bundleLibCompileToJarDebug UP-TO-DATE
> Task :expo-task-manager:compileDebugKotlin UP-TO-DATE
> Task :react-native-reanimated:compileDebugJavaWithJavac UP-TO-DATE
> Task :react-native-reanimated:bundleLibCompileToJarDebug UP-TO-DATE
> Task :react-native-screens:checkKotlinGradlePluginConfigurationErrors SKIPPED
> Task :react-native-screens:generateDebugBuildConfig UP-TO-DATE
> Task :expo-task-manager:compileDebugJavaWithJavac UP-TO-DATE
> Task :expo-task-manager:bundleLibCompileToJarDebug UP-TO-DATE
> Task :react-native-svg:generateDebugBuildConfig UP-TO-DATE
> Task :react-native-safe-area-context:compileDebugKotlin UP-TO-DATE
> Task :react-native-safe-area-context:javaPreCompileDebug UP-TO-DATE
> Task :react-native-safe-area-context:compileDebugJavaWithJavac UP-TO-DATE
> Task :react-native-safe-area-context:bundleLibCompileToJarDebug UP-TO-DATE
> Task :react-native-voice_voice:generateDebugBuildConfig UP-TO-DATE
> Task :react-native-voice_voice:javaPreCompileDebug UP-TO-DATE
> Task :react-native-voice_voice:compileDebugJavaWithJavac UP-TO-DATE
> Task :react-native-voice_voice:bundleLibCompileToJarDebug UP-TO-DATE
> Task :app:javaPreCompileDebug UP-TO-DATE
> Task :app:mergeDebugShaders UP-TO-DATE
> Task :app:compileDebugShaders NO-SOURCE
> Task :app:generateDebugAssets UP-TO-DATE
> Task :expo:mergeDebugShaders UP-TO-DATE
> Task :expo:compileDebugShaders NO-SOURCE
> Task :expo:generateDebugAssets UP-TO-DATE
> Task :expo:mergeDebugAssets UP-TO-DATE
> Task :expo-background-fetch:mergeDebugShaders UP-TO-DATE
> Task :expo-background-fetch:compileDebugShaders NO-SOURCE
> Task :expo-background-fetch:generateDebugAssets UP-TO-DATE
> Task :expo-background-fetch:mergeDebugAssets UP-TO-DATE
> Task :react-native-svg:javaPreCompileDebug UP-TO-DATE
> Task :expo-constants:mergeDebugShaders UP-TO-DATE
> Task :expo-constants:compileDebugShaders NO-SOURCE
> Task :expo-constants:generateDebugAssets UP-TO-DATE
> Task :expo-constants:mergeDebugAssets UP-TO-DATE
> Task :expo-dev-launcher:compileDebugKotlin UP-TO-DATE
> Task :expo-dev-launcher:compileDebugJavaWithJavac UP-TO-DATE
> Task :expo-dev-launcher:bundleLibCompileToJarDebug UP-TO-DATE
> Task :react-native-svg:compileDebugJavaWithJavac UP-TO-DATE
> Task :react-native-svg:bundleLibCompileToJarDebug UP-TO-DATE
> Task :expo-dev-client:mergeDebugShaders UP-TO-DATE
> Task :expo-dev-client:compileDebugShaders NO-SOURCE
> Task :expo-dev-client:generateDebugAssets UP-TO-DATE
> Task :expo-dev-client:mergeDebugAssets UP-TO-DATE
> Task :expo-dev-launcher:mergeDebugShaders UP-TO-DATE
> Task :expo-dev-launcher:compileDebugShaders NO-SOURCE
> Task :expo-dev-launcher:generateDebugAssets UP-TO-DATE
> Task :expo-dev-launcher:mergeDebugAssets UP-TO-DATE
> Task :expo-dev-menu:mergeDebugShaders UP-TO-DATE
> Task :expo-dev-menu:compileDebugShaders NO-SOURCE
> Task :expo-dev-menu:generateDebugAssets UP-TO-DATE
> Task :expo-dev-menu:mergeDebugAssets UP-TO-DATE
> Task :expo-dev-menu-interface:mergeDebugShaders UP-TO-DATE
> Task :expo-dev-menu-interface:compileDebugShaders NO-SOURCE
> Task :expo-dev-menu-interface:generateDebugAssets UP-TO-DATE
> Task :expo-dev-menu-interface:mergeDebugAssets UP-TO-DATE
> Task :expo-device:mergeDebugShaders UP-TO-DATE
> Task :expo-device:compileDebugShaders NO-SOURCE
> Task :expo-device:generateDebugAssets UP-TO-DATE
> Task :expo-device:mergeDebugAssets UP-TO-DATE
> Task :expo-document-picker:mergeDebugShaders UP-TO-DATE
> Task :expo-document-picker:compileDebugShaders NO-SOURCE
> Task :expo-document-picker:generateDebugAssets UP-TO-DATE
> Task :expo-document-picker:mergeDebugAssets UP-TO-DATE
> Task :expo-json-utils:mergeDebugShaders UP-TO-DATE
> Task :expo-json-utils:compileDebugShaders NO-SOURCE
> Task :expo-json-utils:generateDebugAssets UP-TO-DATE
> Task :expo-json-utils:mergeDebugAssets UP-TO-DATE
> Task :expo:compileDebugKotlin UP-TO-DATE
> Task :expo:compileDebugJavaWithJavac UP-TO-DATE
> Task :expo:bundleLibCompileToJarDebug UP-TO-DATE
> Task :expo-manifests:mergeDebugShaders UP-TO-DATE
> Task :expo-manifests:compileDebugShaders NO-SOURCE
> Task :expo-manifests:generateDebugAssets UP-TO-DATE
> Task :expo-manifests:mergeDebugAssets UP-TO-DATE
> Task :expo-modules-core:mergeDebugShaders UP-TO-DATE
> Task :expo-modules-core:compileDebugShaders NO-SOURCE
> Task :expo-modules-core:generateDebugAssets UP-TO-DATE
> Task :expo-modules-core:mergeDebugAssets UP-TO-DATE
> Task :expo-notifications:mergeDebugShaders UP-TO-DATE
> Task :expo-notifications:compileDebugShaders NO-SOURCE
> Task :expo-notifications:generateDebugAssets UP-TO-DATE
> Task :expo-notifications:mergeDebugAssets UP-TO-DATE
> Task :expo-secure-store:mergeDebugShaders UP-TO-DATE
> Task :expo-secure-store:compileDebugShaders NO-SOURCE
> Task :expo-secure-store:generateDebugAssets UP-TO-DATE
> Task :expo-secure-store:mergeDebugAssets UP-TO-DATE
> Task :expo-sharing:mergeDebugShaders UP-TO-DATE
> Task :expo-sharing:compileDebugShaders NO-SOURCE
> Task :expo-sharing:generateDebugAssets UP-TO-DATE
> Task :expo-sharing:mergeDebugAssets UP-TO-DATE
> Task :expo-speech-recognition:mergeDebugShaders UP-TO-DATE
> Task :expo-speech-recognition:compileDebugShaders NO-SOURCE
> Task :expo-speech-recognition:generateDebugAssets UP-TO-DATE
> Task :expo-local-authentication:mergeDebugShaders UP-TO-DATE
> Task :expo-speech-recognition:mergeDebugAssets UP-TO-DATE
> Task :expo-crypto:mergeDebugShaders UP-TO-DATE
> Task :expo-local-authentication:compileDebugShaders NO-SOURCE
> Task :expo-local-authentication:generateDebugAssets UP-TO-DATE
> Task :expo-crypto:compileDebugShaders NO-SOURCE
> Task :expo-crypto:generateDebugAssets UP-TO-DATE
> Task :expo-local-authentication:mergeDebugAssets UP-TO-DATE
> Task :expo-updates-interface:mergeDebugShaders UP-TO-DATE
> Task :expo-updates-interface:compileDebugShaders NO-SOURCE
> Task :expo-updates-interface:generateDebugAssets UP-TO-DATE
> Task :expo-updates-interface:mergeDebugAssets UP-TO-DATE
> Task :react-native-async-storage_async-storage:mergeDebugShaders UP-TO-DATE
> Task :react-native-async-storage_async-storage:compileDebugShaders NO-SOURCE
> Task :react-native-async-storage_async-storage:generateDebugAssets UP-TO-DATE
> Task :react-native-async-storage_async-storage:mergeDebugAssets UP-TO-DATE
> Task :react-native-ble-plx:mergeDebugShaders UP-TO-DATE
> Task :react-native-ble-plx:compileDebugShaders NO-SOURCE
> Task :react-native-ble-plx:generateDebugAssets UP-TO-DATE
> Task :react-native-ble-plx:mergeDebugAssets UP-TO-DATE
> Task :react-native-community_datetimepicker:mergeDebugShaders UP-TO-DATE
> Task :react-native-community_datetimepicker:compileDebugShaders NO-SOURCE
> Task :react-native-community_datetimepicker:generateDebugAssets UP-TO-DATE
> Task :react-native-community_datetimepicker:mergeDebugAssets UP-TO-DATE
> Task :react-native-get-random-values:mergeDebugShaders UP-TO-DATE
> Task :react-native-get-random-values:compileDebugShaders NO-SOURCE
> Task :react-native-get-random-values:generateDebugAssets UP-TO-DATE
> Task :react-native-get-random-values:mergeDebugAssets UP-TO-DATE
> Task :react-native-picker_picker:mergeDebugShaders UP-TO-DATE
> Task :react-native-picker_picker:compileDebugShaders NO-SOURCE
> Task :react-native-picker_picker:generateDebugAssets UP-TO-DATE
> Task :react-native-picker_picker:mergeDebugAssets UP-TO-DATE
> Task :react-native-reanimated:mergeDebugShaders UP-TO-DATE
> Task :react-native-reanimated:compileDebugShaders NO-SOURCE
> Task :react-native-reanimated:generateDebugAssets UP-TO-DATE
> Task :react-native-reanimated:mergeDebugAssets UP-TO-DATE
> Task :react-native-safe-area-context:mergeDebugShaders UP-TO-DATE
> Task :react-native-safe-area-context:compileDebugShaders NO-SOURCE
> Task :react-native-safe-area-context:generateDebugAssets UP-TO-DATE
> Task :react-native-safe-area-context:mergeDebugAssets UP-TO-DATE
> Task :react-native-svg:mergeDebugShaders UP-TO-DATE
> Task :react-native-svg:compileDebugShaders NO-SOURCE
> Task :react-native-svg:generateDebugAssets UP-TO-DATE
> Task :expo-crypto:mergeDebugAssets UP-TO-DATE
> Task :react-native-svg:mergeDebugAssets UP-TO-DATE
> Task :expo-task-manager:mergeDebugShaders UP-TO-DATE
> Task :expo-task-manager:compileDebugShaders NO-SOURCE
> Task :expo-task-manager:generateDebugAssets UP-TO-DATE
> Task :react-native-voice_voice:mergeDebugShaders UP-TO-DATE
> Task :expo-task-manager:mergeDebugAssets UP-TO-DATE
> Task :react-native-voice_voice:compileDebugShaders NO-SOURCE
> Task :react-native-voice_voice:generateDebugAssets UP-TO-DATE
> Task :react-native-worklets:mergeDebugShaders UP-TO-DATE
> Task :react-native-worklets:compileDebugShaders NO-SOURCE
> Task :react-native-worklets:generateDebugAssets UP-TO-DATE
> Task :react-native-voice_voice:mergeDebugAssets UP-TO-DATE
> Task :unimodules-app-loader:mergeDebugShaders UP-TO-DATE
> Task :react-native-community_datetimepicker:bundleLibRuntimeToJarDebug UP-TO-DATE
> Task :unimodules-app-loader:compileDebugShaders NO-SOURCE
> Task :unimodules-app-loader:generateDebugAssets UP-TO-DATE
> Task :react-native-worklets:mergeDebugAssets UP-TO-DATE
> Task :unimodules-app-loader:mergeDebugAssets UP-TO-DATE
> Task :react-native-async-storage_async-storage:bundleLibRuntimeToJarDebug UP-TO-DATE
> Task :react-native-safe-area-context:bundleLibRuntimeToJarDebug UP-TO-DATE
> Task :react-native-screens:compileDebugKotlin UP-TO-DATE
> Task :react-native-screens:javaPreCompileDebug UP-TO-DATE
> Task :react-native-picker_picker:bundleLibRuntimeToJarDebug UP-TO-DATE
> Task :react-native-voice_voice:bundleLibRuntimeToJarDebug UP-TO-DATE
> Task :expo:bundleLibRuntimeToJarDebug UP-TO-DATE
> Task :expo-background-fetch:bundleLibRuntimeToJarDebug UP-TO-DATE
> Task :expo-constants:bundleLibRuntimeToJarDebug UP-TO-DATE
> Task :expo-crypto:bundleLibRuntimeToJarDebug UP-TO-DATE
> Task :expo-dev-client:bundleLibRuntimeToJarDebug UP-TO-DATE
> Task :expo-dev-launcher:bundleLibRuntimeToJarDebug UP-TO-DATE
> Task :expo-dev-menu:bundleLibRuntimeToJarDebug UP-TO-DATE
> Task :expo-dev-menu-interface:bundleLibRuntimeToJarDebug UP-TO-DATE
> Task :expo-device:bundleLibRuntimeToJarDebug UP-TO-DATE
> Task :expo-document-picker:bundleLibRuntimeToJarDebug UP-TO-DATE
> Task :expo-json-utils:bundleLibRuntimeToJarDebug UP-TO-DATE
> Task :expo-local-authentication:bundleLibRuntimeToJarDebug UP-TO-DATE
> Task :expo-manifests:bundleLibRuntimeToJarDebug UP-TO-DATE
> Task :expo-modules-core:bundleLibRuntimeToJarDebug UP-TO-DATE
> Task :expo-notifications:bundleLibRuntimeToJarDebug UP-TO-DATE
> Task :expo-secure-store:bundleLibRuntimeToJarDebug UP-TO-DATE
> Task :expo-sharing:bundleLibRuntimeToJarDebug UP-TO-DATE
> Task :expo-speech-recognition:bundleLibRuntimeToJarDebug UP-TO-DATE
> Task :expo-task-manager:bundleLibRuntimeToJarDebug UP-TO-DATE
> Task :unimodules-app-loader:bundleLibRuntimeToJarDebug UP-TO-DATE
> Task :react-native-ble-plx:bundleLibRuntimeToJarDebug UP-TO-DATE
> Task :react-native-get-random-values:bundleLibRuntimeToJarDebug UP-TO-DATE
> Task :react-native-svg:bundleLibRuntimeToJarDebug UP-TO-DATE
> Task :expo-updates-interface:bundleLibRuntimeToJarDebug UP-TO-DATE
> Task :react-native-screens:compileDebugJavaWithJavac UP-TO-DATE
> Task :react-native-screens:bundleLibCompileToJarDebug UP-TO-DATE
> Task :react-native-reanimated:bundleLibRuntimeToJarDebug UP-TO-DATE
> Task :react-native-screens:mergeDebugShaders UP-TO-DATE
> Task :react-native-screens:compileDebugShaders NO-SOURCE
> Task :react-native-screens:generateDebugAssets UP-TO-DATE
> Task :react-native-screens:mergeDebugAssets UP-TO-DATE
> Task :react-native-screens:bundleLibRuntimeToJarDebug UP-TO-DATE
> Task :react-native-worklets:bundleLibRuntimeToJarDebug UP-TO-DATE
> Task :app:compileDebugKotlin UP-TO-DATE
> Task :expo-background-fetch:processDebugJavaRes UP-TO-DATE
> Task :expo:processDebugJavaRes UP-TO-DATE
> Task :expo-crypto:processDebugJavaRes UP-TO-DATE
> Task :expo-constants:processDebugJavaRes UP-TO-DATE
> Task :expo-dev-client:processDebugJavaRes NO-SOURCE
> Task :expo-dev-menu:processDebugJavaRes UP-TO-DATE
> Task :expo-dev-launcher:processDebugJavaRes UP-TO-DATE
> Task :expo-dev-menu-interface:processDebugJavaRes UP-TO-DATE
> Task :expo-device:processDebugJavaRes UP-TO-DATE
> Task :expo-json-utils:processDebugJavaRes UP-TO-DATE
> Task :expo-document-picker:processDebugJavaRes UP-TO-DATE
> Task :expo-local-authentication:processDebugJavaRes UP-TO-DATE
> Task :expo-manifests:processDebugJavaRes UP-TO-DATE
> Task :expo-notifications:processDebugJavaRes UP-TO-DATE
> Task :expo-secure-store:processDebugJavaRes UP-TO-DATE
> Task :expo-sharing:processDebugJavaRes UP-TO-DATE
> Task :expo-speech-recognition:processDebugJavaRes UP-TO-DATE
> Task :expo-task-manager:processDebugJavaRes UP-TO-DATE
> Task :react-native-async-storage_async-storage:processDebugJavaRes NO-SOURCE
> Task :react-native-ble-plx:processDebugJavaRes NO-SOURCE
> Task :react-native-community_datetimepicker:processDebugJavaRes UP-TO-DATE
> Task :react-native-get-random-values:processDebugJavaRes NO-SOURCE
> Task :expo-modules-core:processDebugJavaRes UP-TO-DATE
> Task :react-native-picker_picker:processDebugJavaRes NO-SOURCE
> Task :expo-updates-interface:processDebugJavaRes UP-TO-DATE
> Task :react-native-reanimated:processDebugJavaRes NO-SOURCE
> Task :react-native-svg:processDebugJavaRes NO-SOURCE
> Task :react-native-screens:processDebugJavaRes UP-TO-DATE
> Task :react-native-safe-area-context:processDebugJavaRes UP-TO-DATE
> Task :react-native-worklets:processDebugJavaRes NO-SOURCE
> Task :unimodules-app-loader:processDebugJavaRes NO-SOURCE
> Task :react-native-voice_voice:processDebugJavaRes NO-SOURCE
> Task :expo:mergeDebugJniLibFolders UP-TO-DATE
> Task :expo:mergeDebugNativeLibs NO-SOURCE
> Task :expo:copyDebugJniLibsProjectOnly UP-TO-DATE
> Task :expo-background-fetch:mergeDebugJniLibFolders UP-TO-DATE
> Task :expo-constants:mergeDebugJniLibFolders UP-TO-DATE
> Task :expo-background-fetch:mergeDebugNativeLibs NO-SOURCE
> Task :expo-constants:mergeDebugNativeLibs NO-SOURCE
> Task :expo-background-fetch:copyDebugJniLibsProjectOnly UP-TO-DATE
> Task :expo-constants:copyDebugJniLibsProjectOnly UP-TO-DATE
> Task :expo-crypto:mergeDebugJniLibFolders UP-TO-DATE
> Task :expo-crypto:mergeDebugNativeLibs NO-SOURCE
> Task :expo-crypto:copyDebugJniLibsProjectOnly UP-TO-DATE
> Task :expo-dev-client:mergeDebugJniLibFolders UP-TO-DATE
> Task :expo-dev-client:mergeDebugNativeLibs NO-SOURCE
> Task :expo-dev-client:copyDebugJniLibsProjectOnly UP-TO-DATE
> Task :expo-dev-menu:mergeDebugJniLibFolders UP-TO-DATE
> Task :expo-dev-menu:mergeDebugNativeLibs NO-SOURCE
> Task :expo-dev-menu:copyDebugJniLibsProjectOnly UP-TO-DATE
> Task :expo-dev-menu-interface:mergeDebugJniLibFolders UP-TO-DATE
> Task :expo-dev-menu-interface:mergeDebugNativeLibs NO-SOURCE
> Task :expo-dev-menu-interface:copyDebugJniLibsProjectOnly UP-TO-DATE
> Task :expo-dev-launcher:mergeDebugJniLibFolders UP-TO-DATE
> Task :expo-dev-launcher:mergeDebugNativeLibs NO-SOURCE
> Task :expo-dev-launcher:copyDebugJniLibsProjectOnly UP-TO-DATE
> Task :expo-document-picker:mergeDebugJniLibFolders UP-TO-DATE
> Task :expo-document-picker:mergeDebugNativeLibs NO-SOURCE
> Task :expo-document-picker:copyDebugJniLibsProjectOnly UP-TO-DATE
> Task :expo-json-utils:mergeDebugJniLibFolders UP-TO-DATE
> Task :expo-json-utils:mergeDebugNativeLibs NO-SOURCE
> Task :expo-json-utils:copyDebugJniLibsProjectOnly UP-TO-DATE
> Task :expo-local-authentication:mergeDebugJniLibFolders UP-TO-DATE
> Task :expo-local-authentication:mergeDebugNativeLibs NO-SOURCE
> Task :expo-local-authentication:copyDebugJniLibsProjectOnly UP-TO-DATE
> Task :expo-device:mergeDebugJniLibFolders UP-TO-DATE
> Task :expo-manifests:mergeDebugJniLibFolders UP-TO-DATE
> Task :expo-manifests:mergeDebugNativeLibs NO-SOURCE
> Task :expo-device:mergeDebugNativeLibs NO-SOURCE
> Task :expo-manifests:copyDebugJniLibsProjectOnly UP-TO-DATE
> Task :expo-device:copyDebugJniLibsProjectOnly UP-TO-DATE
> Task :expo-notifications:mergeDebugJniLibFolders UP-TO-DATE
> Task :expo-notifications:mergeDebugNativeLibs NO-SOURCE
> Task :expo-notifications:copyDebugJniLibsProjectOnly UP-TO-DATE
> Task :expo-secure-store:mergeDebugJniLibFolders UP-TO-DATE
> Task :expo-secure-store:mergeDebugNativeLibs NO-SOURCE
> Task :expo-secure-store:copyDebugJniLibsProjectOnly UP-TO-DATE
> Task :expo-sharing:mergeDebugJniLibFolders UP-TO-DATE
> Task :expo-sharing:mergeDebugNativeLibs NO-SOURCE
> Task :expo-sharing:copyDebugJniLibsProjectOnly UP-TO-DATE
> Task :expo-speech-recognition:mergeDebugJniLibFolders UP-TO-DATE
> Task :expo-speech-recognition:mergeDebugNativeLibs NO-SOURCE
> Task :expo-speech-recognition:copyDebugJniLibsProjectOnly UP-TO-DATE
> Task :expo-task-manager:mergeDebugJniLibFolders UP-TO-DATE
> Task :expo-task-manager:mergeDebugNativeLibs NO-SOURCE
> Task :expo-task-manager:copyDebugJniLibsProjectOnly UP-TO-DATE
> Task :expo-updates-interface:mergeDebugJniLibFolders UP-TO-DATE
> Task :expo-updates-interface:mergeDebugNativeLibs NO-SOURCE
> Task :expo-updates-interface:copyDebugJniLibsProjectOnly UP-TO-DATE
> Task :react-native-async-storage_async-storage:mergeDebugJniLibFolders UP-TO-DATE
> Task :react-native-async-storage_async-storage:mergeDebugNativeLibs NO-SOURCE
> Task :react-native-async-storage_async-storage:copyDebugJniLibsProjectOnly UP-TO-DATE
> Task :react-native-ble-plx:mergeDebugJniLibFolders UP-TO-DATE
> Task :react-native-ble-plx:mergeDebugNativeLibs NO-SOURCE
> Task :react-native-ble-plx:copyDebugJniLibsProjectOnly UP-TO-DATE
> Task :react-native-community_datetimepicker:mergeDebugJniLibFolders UP-TO-DATE
> Task :react-native-community_datetimepicker:mergeDebugNativeLibs NO-SOURCE
> Task :react-native-community_datetimepicker:copyDebugJniLibsProjectOnly UP-TO-DATE
> Task :react-native-get-random-values:mergeDebugJniLibFolders UP-TO-DATE
> Task :react-native-get-random-values:mergeDebugNativeLibs NO-SOURCE
> Task :react-native-get-random-values:copyDebugJniLibsProjectOnly UP-TO-DATE
> Task :react-native-picker_picker:mergeDebugJniLibFolders UP-TO-DATE
> Task :react-native-picker_picker:mergeDebugNativeLibs NO-SOURCE
> Task :react-native-picker_picker:copyDebugJniLibsProjectOnly UP-TO-DATE
> Task :react-native-reanimated:mergeDebugJniLibFolders UP-TO-DATE
> Task :react-native-safe-area-context:mergeDebugJniLibFolders UP-TO-DATE
> Task :react-native-safe-area-context:mergeDebugNativeLibs NO-SOURCE
> Task :react-native-safe-area-context:copyDebugJniLibsProjectOnly UP-TO-DATE
> Task :expo-modules-core:configureCMakeDebug[arm64-v8a]
> Task :react-native-worklets:configureCMakeDebug[arm64-v8a]
> Task :react-native-screens:configureCMakeDebug[arm64-v8a]
> Task :react-native-worklets:configureCMakeDebug[x86_64]
> Task :react-native-worklets:generateJsonModelDebug
> Task :react-native-worklets:prefabDebugConfigurePackage
> Task :expo-modules-core:buildCMakeDebug[arm64-v8a]
> Task :react-native-reanimated:configureCMakeDebug[arm64-v8a]
> Task :app:compileDebugJavaWithJavac
> Task :app:mergeDebugAssets UP-TO-DATE
> Task :app:compressDebugAssets UP-TO-DATE
> Task :app:desugarDebugFileDependencies UP-TO-DATE
> Task :app:transformDebugClassesWithAsm
> Task :react-native-screens:buildCMakeDebug[arm64-v8a]
> Task :react-native-reanimated:configureCMakeDebug[x86_64]
> Task :react-native-reanimated:generateJsonModelDebug
> Task :react-native-reanimated:prefabDebugConfigurePackage
> Task :react-native-worklets:buildCMakeDebug[arm64-v8a][worklets]

> Task :react-native-screens:buildCMakeDebug[arm64-v8a]
C/C++: Hard link from 'C:\Users\Rising\.gradle\caches\8.14.3\transforms\e5d515112484fe4dddc05785469cc380\transformed\react-android-0.81.5-debug\prefab\modules\reactnative\libs\android.arm64-v8a\libreactnative.so' to 'E:\Mobile apps projects\AssanPOS V2\node_modules\react-native-screens\android\build\intermediates\cxx\Debug\6q3e4z64\obj\arm64-v8a\libreactnative.so' failed. Doing a slower copy instead.
C/C++: Hard link from 'C:\Users\Rising\.gradle\caches\8.14.3\transforms\e5d515112484fe4dddc05785469cc380\transformed\react-android-0.81.5-debug\prefab\modules\reactnative\libs\android.arm64-v8a\libreactnative.so' to 'E:\Mobile apps projects\AssanPOS V2\node_modules\react-native-screens\android\build\intermediates\cxx\Debug\6q3e4z64\obj\arm64-v8a\libreactnative.so' failed. Doing a slower copy instead.

> Task :expo-modules-core:configureCMakeDebug[x86_64]
> Task :react-native-screens:configureCMakeDebug[x86_64]
> Task :app:dexBuilderDebug
> Task :expo-modules-core:buildCMakeDebug[x86_64]
> Task :react-native-screens:buildCMakeDebug[x86_64]
> Task :app:mergeDebugGlobalSynthetics

> Task :react-native-worklets:buildCMakeDebug[arm64-v8a][worklets]
C/C++: Hard link from 'C:\Users\Rising\.gradle\caches\8.14.3\transforms\e5d515112484fe4dddc05785469cc380\transformed\react-android-0.81.5-debug\prefab\modules\reactnative\libs\android.arm64-v8a\libreactnative.so' to 'E:\Mobile apps projects\AssanPOS V2\node_modules\react-native-worklets\android\build\intermediates\cxx\Debug\4l731v1v\obj\arm64-v8a\libreactnative.so' failed. Doing a slower copy instead.
C/C++: Hard link from 'C:\Users\Rising\.gradle\caches\8.14.3\transforms\e5d515112484fe4dddc05785469cc380\transformed\react-android-0.81.5-debug\prefab\modules\reactnative\libs\android.arm64-v8a\libreactnative.so' to 'E:\Mobile apps projects\AssanPOS V2\node_modules\react-native-worklets\android\build\intermediates\cxx\Debug\4l731v1v\obj\arm64-v8a\libreactnative.so' failed. Doing a slower copy instead.

> Task :react-native-screens:buildCMakeDebug[x86_64]
C/C++: Hard link from 'C:\Users\Rising\.gradle\caches\8.14.3\transforms\e5d515112484fe4dddc05785469cc380\transformed\react-android-0.81.5-debug\prefab\modules\reactnative\libs\android.x86_64\libreactnative.so' to 'E:\Mobile apps projects\AssanPOS V2\node_modules\react-native-screens\android\build\intermediates\cxx\Debug\6q3e4z64\obj\x86_64\libreactnative.so' failed. Doing a slower copy instead.
C/C++: Hard link from 'C:\Users\Rising\.gradle\caches\8.14.3\transforms\e5d515112484fe4dddc05785469cc380\transformed\react-android-0.81.5-debug\prefab\modules\reactnative\libs\android.x86_64\libreactnative.so' to 'E:\Mobile apps projects\AssanPOS V2\node_modules\react-native-screens\android\build\intermediates\cxx\Debug\6q3e4z64\obj\x86_64\libreactnative.so' failed. Doing a slower copy instead.

> Task :react-native-worklets:buildCMakeDebug[x86_64][worklets]
> Task :react-native-screens:mergeDebugJniLibFolders

> Task :expo-modules-core:buildCMakeDebug[x86_64]
C/C++: Hard link from 'C:\Users\Rising\.gradle\caches\8.14.3\transforms\e5d515112484fe4dddc05785469cc380\transformed\react-android-0.81.5-debug\prefab\modules\reactnative\libs\android.x86_64\libreactnative.so' to 'E:\Mobile apps projects\AssanPOS V2\node_modules\expo-modules-core\android\build\intermediates\cxx\Debug\6ea734km\obj\x86_64\libreactnative.so' failed. Doing a slower copy instead.
C/C++: Hard link from 'C:\Users\Rising\.gradle\caches\8.14.3\transforms\e5d515112484fe4dddc05785469cc380\transformed\react-android-0.81.5-debug\prefab\modules\reactnative\libs\android.x86_64\libreactnative.so' to 'E:\Mobile apps projects\AssanPOS V2\node_modules\expo-modules-core\android\build\intermediates\cxx\Debug\6ea734km\obj\x86_64\libreactnative.so' failed. Doing a slower copy instead.

> Task :expo-modules-core:mergeDebugJniLibFolders
> Task :app:mergeDebugGlobalSynthetics FROM-CACHE
> Task :app:processDebugJavaRes
> Task :react-native-screens:mergeDebugNativeLibs
> Task :expo-modules-core:mergeDebugNativeLibs
> Task :react-native-screens:copyDebugJniLibsProjectOnly
> Task :expo-modules-core:copyDebugJniLibsProjectOnly
> Task :app:checkDebugDuplicateClasses FAILED
> Task :app:mergeDebugJavaResource FAILED
> Task :app:configureCMakeDebug[arm64-v8a]

> Task :react-native-worklets:buildCMakeDebug[x86_64][worklets]
C/C++: Hard link from 'C:\Users\Rising\.gradle\caches\8.14.3\transforms\e5d515112484fe4dddc05785469cc380\transformed\react-android-0.81.5-debug\prefab\modules\reactnative\libs\android.x86_64\libreactnative.so' to 'E:\Mobile apps projects\AssanPOS V2\node_modules\react-native-worklets\android\build\intermediates\cxx\Debug\4l731v1v\obj\x86_64\libreactnative.so' failed. Doing a slower copy instead.
C/C++: Hard link from 'C:\Users\Rising\.gradle\caches\8.14.3\transforms\e5d515112484fe4dddc05785469cc380\transformed\react-android-0.81.5-debug\prefab\modules\reactnative\libs\android.x86_64\libreactnative.so' to 'E:\Mobile apps projects\AssanPOS V2\node_modules\react-native-worklets\android\build\intermediates\cxx\Debug\4l731v1v\obj\x86_64\libreactnative.so' failed. Doing a slower copy instead.

[Incubating] Problems report is available at: file:///E:/Mobile%20apps%20projects/AssanPOS%20V2/android/build/reports/problems/problems-report.html

FAILURE: Build completed with 2 failures.

1: Task failed with an exception.
-----------
* What went wrong:
Execution failed for task ':app:checkDebugDuplicateClasses'.
> A failure occurred while executing com.android.build.gradle.internal.tasks.CheckDuplicatesRunnable
   > Duplicate class android.support.v4.app.INotificationSideChannel found in modules core-1.15.0.aar -> core-1.15.0-runtime (androidx.core:core:1.15.0) and support-compat-28.0.0.aar -> support-compat-28.0.0-runtime (com.android.support:support-compat:28.0.0)
     Duplicate class android.support.v4.app.INotificationSideChannel$Stub found in modules core-1.15.0.aar -> core-1.15.0-runtime (androidx.core:core:1.15.0) and support-compat-28.0.0.aar -> support-compat-28.0.0-runtime (com.android.support:support-compat:28.0.0)
     Duplicate class android.support.v4.app.INotificationSideChannel$Stub$Proxy found in modules core-1.15.0.aar -> core-1.15.0-runtime (androidx.core:core:1.15.0) and support-compat-28.0.0.aar -> support-compat-28.0.0-runtime (com.android.support:support-compat:28.0.0)
     Duplicate class android.support.v4.graphics.drawable.IconCompatParcelizer found in modules core-1.15.0.aar -> core-1.15.0-runtime (androidx.core:core:1.15.0) and support-compat-28.0.0.aar -> support-compat-28.0.0-runtime (com.android.support:support-compat:28.0.0)
     Duplicate class android.support.v4.os.IResultReceiver found in modules core-1.15.0.aar -> core-1.15.0-runtime (androidx.core:core:1.15.0) and support-compat-28.0.0.aar -> support-compat-28.0.0-runtime (com.android.support:support-compat:28.0.0)
     Duplicate class android.support.v4.os.IResultReceiver$Stub found in modules core-1.15.0.aar -> core-1.15.0-runtime (androidx.core:core:1.15.0) and support-compat-28.0.0.aar -> support-compat-28.0.0-runtime (com.android.support:support-compat:28.0.0)
     Duplicate class android.support.v4.os.IResultReceiver$Stub$Proxy found in modules core-1.15.0.aar -> core-1.15.0-runtime (androidx.core:core:1.15.0) and support-compat-28.0.0.aar -> support-compat-28.0.0-runtime (com.android.support:support-compat:28.0.0)
     Duplicate class android.support.v4.os.ResultReceiver found in modules core-1.15.0.aar -> core-1.15.0-runtime (androidx.core:core:1.15.0) and support-compat-28.0.0.aar -> support-compat-28.0.0-runtime (com.android.support:support-compat:28.0.0)
     Duplicate class android.support.v4.os.ResultReceiver$1 found in modules core-1.15.0.aar -> core-1.15.0-runtime (androidx.core:core:1.15.0) and support-compat-28.0.0.aar -> support-compat-28.0.0-runtime (com.android.support:support-compat:28.0.0)
     Duplicate class android.support.v4.os.ResultReceiver$MyResultReceiver found in modules core-1.15.0.aar -> core-1.15.0-runtime (androidx.core:core:1.15.0) and support-compat-28.0.0.aar -> support-compat-28.0.0-runtime (com.android.support:support-compat:28.0.0)
     Duplicate class android.support.v4.os.ResultReceiver$MyRunnable found in modules core-1.15.0.aar -> core-1.15.0-runtime (androidx.core:core:1.15.0) and support-compat-28.0.0.aar -> support-compat-28.0.0-runtime (com.android.support:support-compat:28.0.0)
     Duplicate class androidx.core.graphics.drawable.IconCompatParcelizer found in modules core-1.15.0.aar -> core-1.15.0-runtime (androidx.core:core:1.15.0) and support-compat-28.0.0.aar -> support-compat-28.0.0-runtime (com.android.support:support-compat:28.0.0)
     Duplicate class androidx.core.internal.package-info found in modules core-1.15.0.aar -> core-1.15.0-runtime (androidx.core:core:1.15.0) and support-compat-28.0.0.aar -> support-compat-28.0.0-runtime (com.android.support:support-compat:28.0.0)
     Duplicate class androidx.versionedparcelable.CustomVersionedParcelable found in modules versionedparcelable-1.1.1.aar -> versionedparcelable-1.1.1-runtime (androidx.versionedparcelable:versionedparcelable:1.1.1) and versionedparcelable-28.0.0.aar -> versionedparcelable-28.0.0-runtime (com.android.support:versionedparcelable:28.0.0)
     Duplicate class androidx.versionedparcelable.NonParcelField found in modules versionedparcelable-1.1.1.aar -> versionedparcelable-1.1.1-runtime (androidx.versionedparcelable:versionedparcelable:1.1.1) and versionedparcelable-28.0.0.aar -> versionedparcelable-28.0.0-runtime (com.android.support:versionedparcelable:28.0.0)
     Duplicate class androidx.versionedparcelable.ParcelField found in modules versionedparcelable-1.1.1.aar -> versionedparcelable-1.1.1-runtime (androidx.versionedparcelable:versionedparcelable:1.1.1) and versionedparcelable-28.0.0.aar -> versionedparcelable-28.0.0-runtime (com.android.support:versionedparcelable:28.0.0)
     Duplicate class androidx.versionedparcelable.ParcelImpl found in modules versionedparcelable-1.1.1.aar -> versionedparcelable-1.1.1-runtime (androidx.versionedparcelable:versionedparcelable:1.1.1) and versionedparcelable-28.0.0.aar -> versionedparcelable-28.0.0-runtime (com.android.support:versionedparcelable:28.0.0)
     Duplicate class androidx.versionedparcelable.ParcelImpl$1 found in modules versionedparcelable-1.1.1.aar -> versionedparcelable-1.1.1-runtime (androidx.versionedparcelable:versionedparcelable:1.1.1) and versionedparcelable-28.0.0.aar -> versionedparcelable-28.0.0-runtime (com.android.support:versionedparcelable:28.0.0)
     Duplicate class androidx.versionedparcelable.ParcelUtils found in modules versionedparcelable-1.1.1.aar -> versionedparcelable-1.1.1-runtime (androidx.versionedparcelable:versionedparcelable:1.1.1) and versionedparcelable-28.0.0.aar -> versionedparcelable-28.0.0-runtime (com.android.support:versionedparcelable:28.0.0)
     Duplicate class androidx.versionedparcelable.VersionedParcel found in modules versionedparcelable-1.1.1.aar -> versionedparcelable-1.1.1-runtime (androidx.versionedparcelable:versionedparcelable:1.1.1) and versionedparcelable-28.0.0.aar -> versionedparcelable-28.0.0-runtime (com.android.support:versionedparcelable:28.0.0)
     Duplicate class androidx.versionedparcelable.VersionedParcel$1 found in modules versionedparcelable-1.1.1.aar -> versionedparcelable-1.1.1-runtime (androidx.versionedparcelable:versionedparcelable:1.1.1) and versionedparcelable-28.0.0.aar -> versionedparcelable-28.0.0-runtime (com.android.support:versionedparcelable:28.0.0)
     Duplicate class androidx.versionedparcelable.VersionedParcel$ParcelException found in modules versionedparcelable-1.1.1.aar -> versionedparcelable-1.1.1-runtime (androidx.versionedparcelable:versionedparcelable:1.1.1) and versionedparcelable-28.0.0.aar -> versionedparcelable-28.0.0-runtime (com.android.support:versionedparcelable:28.0.0)
     Duplicate class androidx.versionedparcelable.VersionedParcelParcel found in modules versionedparcelable-1.1.1.aar -> versionedparcelable-1.1.1-runtime (androidx.versionedparcelable:versionedparcelable:1.1.1) and versionedparcelable-28.0.0.aar -> versionedparcelable-28.0.0-runtime (com.android.support:versionedparcelable:28.0.0)
     Duplicate class androidx.versionedparcelable.VersionedParcelStream found in modules versionedparcelable-1.1.1.aar -> versionedparcelable-1.1.1-runtime (androidx.versionedparcelable:versionedparcelable:1.1.1) and versionedparcelable-28.0.0.aar -> versionedparcelable-28.0.0-runtime (com.android.support:versionedparcelable:28.0.0)
     Duplicate class androidx.versionedparcelable.VersionedParcelStream$FieldBuffer found in modules versionedparcelable-1.1.1.aar -> versionedparcelable-1.1.1-runtime (androidx.versionedparcelable:versionedparcelable:1.1.1) and versionedparcelable-28.0.0.aar -> versionedparcelable-28.0.0-runtime (com.android.support:versionedparcelable:28.0.0)
     Duplicate class androidx.versionedparcelable.VersionedParcelable found in modules versionedparcelable-1.1.1.aar -> versionedparcelable-1.1.1-runtime (androidx.versionedparcelable:versionedparcelable:1.1.1) and versionedparcelable-28.0.0.aar -> versionedparcelable-28.0.0-runtime (com.android.support:versionedparcelable:28.0.0)
     Duplicate class androidx.versionedparcelable.VersionedParcelize found in modules versionedparcelable-1.1.1.aar -> versionedparcelable-1.1.1-runtime (androidx.versionedparcelable:versionedparcelable:1.1.1) and versionedparcelable-28.0.0.aar -> versionedparcelable-28.0.0-runtime (com.android.support:versionedparcelable:28.0.0)
     
     Learn how to fix dependency resolution errors at https://d.android.com/r/tools/classpath-sync-errors

* Try:
> Run with --stacktrace option to get the stack trace.
> Run with --info or --debug option to get more log output.
> Run with --scan to get full insights.
> Get more help at https://help.gradle.org.
==============================================================================

2: Task failed with an exception.
-----------
* What went wrong:
Execution failed for task ':app:mergeDebugJavaResource'.
> A failure occurred while executing com.android.build.gradle.internal.tasks.MergeJavaResWorkAction
   > 2 files found with path 'META-INF/androidx.localbroadcastmanager_localbroadcastmanager.version' from inputs:
      - androidx.localbroadcastmanager:localbroadcastmanager:1.0.0/classes.jar
      - com.android.support:localbroadcastmanager:28.0.0/classes.jar
     Adding a packaging block may help, please refer to
     https://developer.android.com/reference/tools/gradle-api/com/android/build/api/dsl/Packaging
     for more information

* Try:
> Run with --stacktrace option to get the stack trace.
> Run with --info or --debug option to get more log output.
> Run with --scan to get full insights.
> Get more help at https://help.gradle.org.
==============================================================================

Deprecated Gradle features were used in this build, making it incompatible with Gradle 9.0.

You can use '--warning-mode all' to show the individual deprecation warnings and determine if they come from your own scripts or plugins.

For more on this, please refer to https://docs.gradle.org/8.14.3/userguide/command_line_interface.html#sec:command_line_warnings in the Gradle documentation.

BUILD FAILED in 3m 58s
722 actionable tasks: 33 executed, 1 from cache, 688 up-to-date
