Configuration on demand is an incubating feature.
> Task :gradle-plugin:shared:checkKotlinGradlePluginConfigurationErrors SKIPPED
> Task :gradle-plugin:settings-plugin:checkKotlinGradlePluginConfigurationErrors SKIPPED
> Task :gradle-plugin:settings-plugin:pluginDescriptors UP-TO-DATE
> Task :expo-gradle-plugin:expo-autolinking-plugin-shared:checkKotlinGradlePluginConfigurationErrors SKIPPED
> Task :expo-gradle-plugin:expo-autolinking-settings-plugin:checkKotlinGradlePluginConfigurationErrors SKIPPED
> Task :expo-gradle-plugin:expo-autolinking-settings-plugin:pluginDescriptors UP-TO-DATE
> Task :gradle-plugin:settings-plugin:processResources UP-TO-DATE
> Task :expo-gradle-plugin:expo-autolinking-settings-plugin:processResources UP-TO-DATE
> Task :gradle-plugin:shared:compileKotlin UP-TO-DATE
> Task :expo-gradle-plugin:expo-autolinking-plugin-shared:compileKotlin UP-TO-DATE
> Task :gradle-plugin:shared:compileJava NO-SOURCE
> Task :expo-gradle-plugin:expo-autolinking-plugin-shared:compileJava NO-SOURCE
> Task :gradle-plugin:shared:processResources NO-SOURCE
> Task :expo-gradle-plugin:expo-autolinking-plugin-shared:processResources NO-SOURCE
> Task :gradle-plugin:shared:classes UP-TO-DATE
> Task :expo-gradle-plugin:expo-autolinking-plugin-shared:classes UP-TO-DATE
> Task :gradle-plugin:shared:jar UP-TO-DATE
> Task :expo-gradle-plugin:expo-autolinking-plugin-shared:jar UP-TO-DATE
> Task :gradle-plugin:settings-plugin:compileKotlin UP-TO-DATE
> Task :gradle-plugin:settings-plugin:compileJava NO-SOURCE
> Task :gradle-plugin:settings-plugin:classes UP-TO-DATE
> Task :gradle-plugin:settings-plugin:jar UP-TO-DATE
> Task :expo-gradle-plugin:expo-autolinking-settings-plugin:compileKotlin UP-TO-DATE
> Task :expo-gradle-plugin:expo-autolinking-settings-plugin:compileJava NO-SOURCE
> Task :expo-gradle-plugin:expo-autolinking-settings-plugin:classes UP-TO-DATE
> Task :expo-gradle-plugin:expo-autolinking-settings-plugin:jar UP-TO-DATE
> Task :expo-gradle-plugin:expo-autolinking-plugin:checkKotlinGradlePluginConfigurationErrors SKIPPED
> Task :expo-dev-launcher-gradle-plugin:checkKotlinGradlePluginConfigurationErrors SKIPPED
> Task :expo-dev-launcher-gradle-plugin:pluginDescriptors UP-TO-DATE
> Task :expo-dev-launcher-gradle-plugin:processResources UP-TO-DATE
> Task :expo-gradle-plugin:expo-autolinking-plugin:compileKotlin UP-TO-DATE
> Task :expo-gradle-plugin:expo-autolinking-plugin:compileJava NO-SOURCE
> Task :expo-gradle-plugin:expo-autolinking-plugin:pluginDescriptors UP-TO-DATE
> Task :expo-gradle-plugin:expo-autolinking-plugin:processResources UP-TO-DATE
> Task :expo-gradle-plugin:expo-autolinking-plugin:classes UP-TO-DATE
> Task :expo-gradle-plugin:expo-autolinking-plugin:jar UP-TO-DATE
> Task :gradle-plugin:react-native-gradle-plugin:checkKotlinGradlePluginConfigurationErrors SKIPPED
> Task :expo-module-gradle-plugin:checkKotlinGradlePluginConfigurationErrors SKIPPED
> Task :expo-module-gradle-plugin:pluginDescriptors UP-TO-DATE
> Task :expo-module-gradle-plugin:processResources UP-TO-DATE
> Task :gradle-plugin:react-native-gradle-plugin:compileKotlin UP-TO-DATE
> Task :gradle-plugin:react-native-gradle-plugin:compileJava NO-SOURCE
> Task :gradle-plugin:react-native-gradle-plugin:pluginDescriptors UP-TO-DATE
> Task :gradle-plugin:react-native-gradle-plugin:processResources UP-TO-DATE
> Task :gradle-plugin:react-native-gradle-plugin:classes UP-TO-DATE
> Task :gradle-plugin:react-native-gradle-plugin:jar UP-TO-DATE
> Task :expo-dev-launcher-gradle-plugin:compileKotlin UP-TO-DATE
> Task :expo-dev-launcher-gradle-plugin:compileJava NO-SOURCE
> Task :expo-dev-launcher-gradle-plugin:classes UP-TO-DATE
> Task :expo-dev-launcher-gradle-plugin:jar UP-TO-DATE
> Task :expo-module-gradle-plugin:compileKotlin UP-TO-DATE
> Task :expo-module-gradle-plugin:compileJava NO-SOURCE
> Task :expo-module-gradle-plugin:classes UP-TO-DATE
> Task :expo-module-gradle-plugin:jar UP-TO-DATE

> Configure project :app
 ??  [33mApplying gradle plugin[0m '[32mexpo-dev-launcher-gradle-plugin[0m'

> Configure project :
[32m[ExpoRootProject][0m Using the following versions:
  - buildTools:  [32m36.0.0[0m
  - minSdk:      [32m24[0m
  - compileSdk:  [32m36[0m
  - targetSdk:   [32m36[0m
  - ndk:         [32m27.1.12297006[0m
  - kotlin:      [32m2.1.20[0m
  - ksp:         [32m2.1.20-2.0.1[0m

> Configure project :expo

Using expo modules
  - [32mexpo-background-fetch[0m (12.0.1)
  - [32mexpo-constants[0m (18.0.10)
  - [32mexpo-crypto[0m (13.0.2)
  - [32mexpo-dev-client[0m (6.0.17)
  - [32mexpo-dev-launcher[0m (6.0.17)
  - [32mexpo-dev-menu[0m (7.0.16)
  - [32mexpo-dev-menu-interface[0m (2.0.0)
  - [32mexpo-device[0m (7.0.3)
  - [32mexpo-document-picker[0m (12.0.2)
  - [32mexpo-json-utils[0m (0.15.0)
  - [32mexpo-local-authentication[0m (14.0.1)
  - [32mexpo-manifests[0m (1.0.8)
  - [32mexpo-modules-core[0m (3.0.25)
  - [32mexpo-notifications[0m (0.29.14)
  - [32mexpo-secure-store[0m (14.0.1)
  - [32mexpo-sharing[0m (12.0.1)
  - [32mexpo-speech-recognition[0m (0.1.0)
  - [32mexpo-task-manager[0m (12.0.6)
  - [32mexpo-updates-interface[0m (2.0.0)
  - [32munimodules-app-loader[0m (5.0.1)
  - [33m[?][0m [32mexpo-application[0m (6.1.5)
  - [33m[?][0m [32mexpo-asset[0m (12.0.9)
  - [33m[?][0m [32mexpo-camera[0m (17.0.9)
  - [33m[?][0m [32mexpo-file-system[0m (19.0.17)
  - [33m[?][0m [32mexpo-font[0m (14.0.9)
  - [33m[?][0m [32mexpo-keep-awake[0m (15.0.7)
  - [33m[?][0m [32mexpo-linking[0m (8.0.8)
  - [33m[?][0m [32mexpo-mail-composer[0m (15.0.7)
  - [33m[?][0m [32mexpo-print[0m (15.0.7)
  - [33m[?][0m [32mexpo-speech[0m (14.0.7)
  - [33m[?][0m [32mexpo-sqlite[0m (16.0.9)


> Task :expo:generatePackagesList UP-TO-DATE
> Task :expo:preBuild UP-TO-DATE
> Task :expo:preDebugBuild UP-TO-DATE
> Task :expo-background-fetch:preBuild UP-TO-DATE
> Task :expo-background-fetch:preDebugBuild UP-TO-DATE
> Task :expo:writeDebugAarMetadata UP-TO-DATE
> Task :expo-crypto:preBuild UP-TO-DATE
> Task :expo-crypto:preDebugBuild UP-TO-DATE
> Task :expo-background-fetch:writeDebugAarMetadata UP-TO-DATE
> Task :expo-dev-client:preBuild UP-TO-DATE
> Task :expo-dev-client:preDebugBuild UP-TO-DATE
> Task :expo-crypto:writeDebugAarMetadata UP-TO-DATE
> Task :expo-dev-launcher:preBuild UP-TO-DATE
> Task :expo-dev-client:writeDebugAarMetadata UP-TO-DATE
> Task :expo-dev-launcher:preDebugBuild UP-TO-DATE
> Task :expo-dev-launcher:writeDebugAarMetadata UP-TO-DATE
> Task :expo-dev-menu:preBuild UP-TO-DATE
> Task :expo-dev-menu:preDebugBuild UP-TO-DATE
> Task :expo-dev-menu:writeDebugAarMetadata UP-TO-DATE
> Task :expo-dev-menu-interface:preBuild UP-TO-DATE
> Task :expo-dev-menu-interface:preDebugBuild UP-TO-DATE
> Task :expo-dev-menu-interface:writeDebugAarMetadata UP-TO-DATE
> Task :expo-device:preBuild UP-TO-DATE
> Task :expo-device:preDebugBuild UP-TO-DATE
> Task :expo-device:writeDebugAarMetadata UP-TO-DATE
> Task :expo-document-picker:preBuild UP-TO-DATE
> Task :expo-document-picker:preDebugBuild UP-TO-DATE
> Task :expo-document-picker:writeDebugAarMetadata UP-TO-DATE
> Task :expo-json-utils:preBuild UP-TO-DATE
> Task :expo-json-utils:preDebugBuild UP-TO-DATE
> Task :expo-json-utils:writeDebugAarMetadata UP-TO-DATE
> Task :expo-local-authentication:preBuild UP-TO-DATE
> Task :expo-manifests:preBuild UP-TO-DATE
> Task :expo-manifests:preDebugBuild UP-TO-DATE
> Task :expo-manifests:writeDebugAarMetadata UP-TO-DATE
> Task :expo-modules-core:preBuild UP-TO-DATE
> Task :expo-modules-core:preDebugBuild UP-TO-DATE
> Task :expo-modules-core:writeDebugAarMetadata UP-TO-DATE
> Task :expo-notifications:preBuild UP-TO-DATE
> Task :expo-notifications:preDebugBuild UP-TO-DATE
> Task :expo-notifications:writeDebugAarMetadata UP-TO-DATE
> Task :expo-secure-store:preBuild UP-TO-DATE
> Task :expo-secure-store:preDebugBuild UP-TO-DATE
> Task :expo-secure-store:writeDebugAarMetadata UP-TO-DATE
> Task :expo-local-authentication:preDebugBuild UP-TO-DATE
> Task :expo-local-authentication:writeDebugAarMetadata UP-TO-DATE
> Task :expo-sharing:preBuild UP-TO-DATE
> Task :expo-sharing:preDebugBuild UP-TO-DATE
> Task :expo-sharing:writeDebugAarMetadata UP-TO-DATE
> Task :expo-speech-recognition:preBuild UP-TO-DATE
> Task :expo-speech-recognition:preDebugBuild UP-TO-DATE
> Task :expo-speech-recognition:writeDebugAarMetadata UP-TO-DATE
> Task :expo-task-manager:preBuild UP-TO-DATE
> Task :expo-task-manager:preDebugBuild UP-TO-DATE
> Task :expo-task-manager:writeDebugAarMetadata UP-TO-DATE
> Task :expo-updates-interface:preBuild UP-TO-DATE
> Task :expo-updates-interface:preDebugBuild UP-TO-DATE
> Task :expo-updates-interface:writeDebugAarMetadata UP-TO-DATE
> Task :react-native-async-storage_async-storage:generateCodegenSchemaFromJavaScript UP-TO-DATE
> Task :react-native-async-storage_async-storage:generateCodegenArtifactsFromSchema UP-TO-DATE
> Task :react-native-async-storage_async-storage:preBuild UP-TO-DATE
> Task :react-native-async-storage_async-storage:preDebugBuild UP-TO-DATE
> Task :react-native-async-storage_async-storage:writeDebugAarMetadata UP-TO-DATE
> Task :react-native-ble-plx:generateCodegenSchemaFromJavaScript UP-TO-DATE
> Task :react-native-ble-plx:generateCodegenArtifactsFromSchema UP-TO-DATE
> Task :react-native-ble-plx:preBuild UP-TO-DATE
> Task :react-native-ble-plx:preDebugBuild UP-TO-DATE
> Task :react-native-ble-plx:writeDebugAarMetadata UP-TO-DATE
> Task :react-native-community_datetimepicker:generateCodegenSchemaFromJavaScript UP-TO-DATE
> Task :react-native-community_datetimepicker:generateCodegenArtifactsFromSchema UP-TO-DATE
> Task :react-native-community_datetimepicker:preBuild UP-TO-DATE
> Task :react-native-community_datetimepicker:preDebugBuild UP-TO-DATE
> Task :react-native-community_datetimepicker:writeDebugAarMetadata UP-TO-DATE
> Task :react-native-picker_picker:generateCodegenSchemaFromJavaScript UP-TO-DATE
> Task :react-native-get-random-values:generateCodegenSchemaFromJavaScript UP-TO-DATE
> Task :react-native-get-random-values:generateCodegenArtifactsFromSchema UP-TO-DATE
> Task :react-native-get-random-values:preBuild UP-TO-DATE
> Task :react-native-picker_picker:generateCodegenArtifactsFromSchema UP-TO-DATE
> Task :react-native-get-random-values:preDebugBuild UP-TO-DATE
> Task :react-native-picker_picker:preBuild UP-TO-DATE
> Task :react-native-picker_picker:preDebugBuild UP-TO-DATE
> Task :react-native-get-random-values:writeDebugAarMetadata UP-TO-DATE
> Task :react-native-picker_picker:writeDebugAarMetadata UP-TO-DATE
> Task :react-native-safe-area-context:generateCodegenSchemaFromJavaScript UP-TO-DATE
> Task :react-native-safe-area-context:generateCodegenArtifactsFromSchema UP-TO-DATE
> Task :react-native-safe-area-context:preBuild UP-TO-DATE
> Task :react-native-safe-area-context:preDebugBuild UP-TO-DATE
> Task :react-native-safe-area-context:writeDebugAarMetadata UP-TO-DATE
> Task :react-native-screens:generateCodegenSchemaFromJavaScript UP-TO-DATE
> Task :react-native-screens:generateCodegenArtifactsFromSchema UP-TO-DATE
> Task :react-native-screens:preBuild UP-TO-DATE
> Task :react-native-screens:preDebugBuild UP-TO-DATE
> Task :react-native-screens:writeDebugAarMetadata UP-TO-DATE
> Task :react-native-svg:generateCodegenSchemaFromJavaScript UP-TO-DATE
> Task :react-native-svg:generateCodegenArtifactsFromSchema UP-TO-DATE
> Task :react-native-svg:preBuild UP-TO-DATE
> Task :react-native-svg:preDebugBuild UP-TO-DATE
> Task :react-native-svg:writeDebugAarMetadata UP-TO-DATE
> Task :react-native-voice_voice:preBuild UP-TO-DATE
> Task :react-native-voice_voice:preDebugBuild UP-TO-DATE
> Task :react-native-voice_voice:writeDebugAarMetadata UP-TO-DATE
> Task :react-native-reanimated:assertMinimalReactNativeVersionTask
> Task :react-native-reanimated:assertNewArchitectureEnabledTask SKIPPED
> Task :react-native-worklets:assertMinimalReactNativeVersionTask
> Task :react-native-worklets:assertNewArchitectureEnabledTask SKIPPED
> Task :react-native-worklets:generateCodegenSchemaFromJavaScript UP-TO-DATE
> Task :react-native-worklets:generateCodegenArtifactsFromSchema UP-TO-DATE
> Task :react-native-worklets:prepareWorkletsHeadersForPrefabs UP-TO-DATE
> Task :react-native-worklets:preBuild
> Task :react-native-worklets:preDebugBuild
> Task :react-native-worklets:writeDebugAarMetadata UP-TO-DATE
> Task :unimodules-app-loader:preBuild UP-TO-DATE
> Task :unimodules-app-loader:preDebugBuild UP-TO-DATE
> Task :unimodules-app-loader:writeDebugAarMetadata UP-TO-DATE
> Task :expo:generateDebugResValues UP-TO-DATE
> Task :expo:generateDebugResources UP-TO-DATE
> Task :expo:packageDebugResources UP-TO-DATE
> Task :expo-background-fetch:generateDebugResValues UP-TO-DATE
> Task :expo-background-fetch:generateDebugResources UP-TO-DATE
> Task :expo-background-fetch:packageDebugResources UP-TO-DATE
> Task :app:generateAutolinkingNewArchitectureFiles UP-TO-DATE
> Task :expo-crypto:generateDebugResValues UP-TO-DATE
> Task :expo-crypto:generateDebugResources UP-TO-DATE
> Task :app:generateAutolinkingPackageList UP-TO-DATE
> Task :app:generateCodegenSchemaFromJavaScript SKIPPED
> Task :expo-crypto:packageDebugResources UP-TO-DATE
> Task :app:generateCodegenArtifactsFromSchema SKIPPED
> Task :expo-dev-client:generateDebugResValues UP-TO-DATE
> Task :app:generateReactNativeEntryPoint UP-TO-DATE
> Task :app:preBuild UP-TO-DATE
> Task :app:preDebugBuild UP-TO-DATE
> Task :expo-dev-client:generateDebugResources UP-TO-DATE
> Task :app:mergeDebugNativeDebugMetadata NO-SOURCE
> Task :app:checkKotlinGradlePluginConfigurationErrors SKIPPED
> Task :app:generateDebugBuildConfig UP-TO-DATE
> Task :app:generateDebugResValues UP-TO-DATE
> Task :expo-dev-launcher:generateDebugResValues UP-TO-DATE
> Task :expo-dev-client:packageDebugResources UP-TO-DATE
> Task :expo-dev-menu:generateDebugResValues UP-TO-DATE
> Task :expo-dev-launcher:generateDebugResources UP-TO-DATE
> Task :expo-dev-menu:generateDebugResources UP-TO-DATE
> Task :expo-dev-launcher:packageDebugResources UP-TO-DATE
> Task :expo-dev-menu:packageDebugResources UP-TO-DATE
> Task :expo-dev-menu-interface:generateDebugResValues UP-TO-DATE
> Task :expo-device:generateDebugResValues UP-TO-DATE
> Task :expo-dev-menu-interface:generateDebugResources UP-TO-DATE
> Task :expo-device:generateDebugResources UP-TO-DATE
> Task :expo-dev-menu-interface:packageDebugResources UP-TO-DATE
> Task :expo-document-picker:generateDebugResValues UP-TO-DATE
> Task :expo-device:packageDebugResources UP-TO-DATE
> Task :expo-document-picker:generateDebugResources UP-TO-DATE
> Task :expo-json-utils:generateDebugResValues UP-TO-DATE
> Task :expo-json-utils:generateDebugResources UP-TO-DATE
> Task :expo-document-picker:packageDebugResources UP-TO-DATE
> Task :expo-local-authentication:generateDebugResValues UP-TO-DATE
> Task :expo-local-authentication:generateDebugResources UP-TO-DATE
> Task :expo-local-authentication:packageDebugResources UP-TO-DATE
> Task :expo-manifests:generateDebugResValues UP-TO-DATE
> Task :expo-manifests:generateDebugResources UP-TO-DATE
> Task :expo-json-utils:packageDebugResources UP-TO-DATE
> Task :expo-modules-core:generateDebugResValues UP-TO-DATE
> Task :expo-modules-core:generateDebugResources UP-TO-DATE
> Task :expo-manifests:packageDebugResources UP-TO-DATE
> Task :expo-notifications:generateDebugResValues UP-TO-DATE
> Task :expo-modules-core:packageDebugResources UP-TO-DATE
> Task :expo-secure-store:generateDebugResValues UP-TO-DATE
> Task :expo-notifications:generateDebugResources UP-TO-DATE
> Task :expo-secure-store:generateDebugResources UP-TO-DATE
> Task :expo-secure-store:packageDebugResources UP-TO-DATE
> Task :expo-notifications:packageDebugResources UP-TO-DATE
> Task :expo-speech-recognition:generateDebugResValues UP-TO-DATE
> Task :expo-sharing:generateDebugResValues UP-TO-DATE
> Task :expo-sharing:generateDebugResources UP-TO-DATE
> Task :expo-speech-recognition:generateDebugResources UP-TO-DATE
> Task :expo-sharing:packageDebugResources UP-TO-DATE
> Task :expo-speech-recognition:packageDebugResources UP-TO-DATE
> Task :expo-updates-interface:generateDebugResValues UP-TO-DATE
> Task :expo-task-manager:generateDebugResValues UP-TO-DATE
> Task :expo-updates-interface:generateDebugResources UP-TO-DATE
> Task :expo-task-manager:generateDebugResources UP-TO-DATE
> Task :expo-updates-interface:packageDebugResources UP-TO-DATE
> Task :expo-task-manager:packageDebugResources UP-TO-DATE
> Task :react-native-async-storage_async-storage:generateDebugResValues UP-TO-DATE
> Task :react-native-ble-plx:generateDebugResValues UP-TO-DATE
> Task :react-native-ble-plx:generateDebugResources UP-TO-DATE
> Task :react-native-async-storage_async-storage:generateDebugResources UP-TO-DATE
> Task :react-native-async-storage_async-storage:packageDebugResources UP-TO-DATE
> Task :react-native-ble-plx:packageDebugResources UP-TO-DATE
> Task :react-native-community_datetimepicker:generateDebugResValues UP-TO-DATE
> Task :react-native-get-random-values:generateDebugResValues UP-TO-DATE
> Task :react-native-community_datetimepicker:generateDebugResources UP-TO-DATE
> Task :react-native-get-random-values:generateDebugResources UP-TO-DATE
> Task :react-native-get-random-values:packageDebugResources UP-TO-DATE
> Task :react-native-community_datetimepicker:packageDebugResources UP-TO-DATE
> Task :react-native-picker_picker:generateDebugResValues UP-TO-DATE
> Task :react-native-safe-area-context:generateDebugResValues UP-TO-DATE
> Task :react-native-picker_picker:generateDebugResources UP-TO-DATE
> Task :react-native-safe-area-context:generateDebugResources UP-TO-DATE
> Task :react-native-picker_picker:packageDebugResources UP-TO-DATE
> Task :react-native-safe-area-context:packageDebugResources UP-TO-DATE
> Task :react-native-screens:generateDebugResValues UP-TO-DATE
> Task :react-native-svg:generateDebugResValues UP-TO-DATE
> Task :react-native-svg:generateDebugResources UP-TO-DATE
> Task :react-native-screens:generateDebugResources UP-TO-DATE
> Task :react-native-svg:packageDebugResources UP-TO-DATE
> Task :react-native-screens:packageDebugResources UP-TO-DATE
> Task :react-native-voice_voice:generateDebugResValues UP-TO-DATE
> Task :react-native-worklets:generateDebugResValues UP-TO-DATE
> Task :react-native-worklets:generateDebugResources UP-TO-DATE
> Task :react-native-worklets:packageDebugResources UP-TO-DATE
> Task :unimodules-app-loader:generateDebugResValues UP-TO-DATE
> Task :react-native-voice_voice:generateDebugResources UP-TO-DATE
> Task :unimodules-app-loader:generateDebugResources UP-TO-DATE
> Task :react-native-voice_voice:packageDebugResources UP-TO-DATE
> Task :unimodules-app-loader:packageDebugResources UP-TO-DATE
> Task :app:generateDebugResources UP-TO-DATE
> Task :expo:extractDeepLinksDebug UP-TO-DATE
> Task :app:packageDebugResources UP-TO-DATE
> Task :expo:processDebugManifest UP-TO-DATE
> Task :expo-background-fetch:extractDeepLinksDebug UP-TO-DATE
> Task :app:parseDebugLocalResources UP-TO-DATE
> Task :app:createDebugCompatibleScreenManifests UP-TO-DATE
> Task :app:extractDeepLinksDebug UP-TO-DATE
> Task :expo-background-fetch:processDebugManifest UP-TO-DATE
> Task :expo-crypto:extractDeepLinksDebug UP-TO-DATE
> Task :expo-dev-client:extractDeepLinksDebug UP-TO-DATE
> Task :expo-crypto:processDebugManifest UP-TO-DATE
> Task :expo-dev-client:processDebugManifest UP-TO-DATE
> Task :expo-dev-launcher:extractDeepLinksDebug UP-TO-DATE
> Task :expo-dev-menu:extractDeepLinksDebug UP-TO-DATE
> Task :expo-dev-launcher:processDebugManifest UP-TO-DATE
> Task :expo-dev-menu:processDebugManifest UP-TO-DATE
> Task :expo-dev-menu-interface:extractDeepLinksDebug UP-TO-DATE
> Task :expo-device:extractDeepLinksDebug UP-TO-DATE
> Task :expo-dev-menu-interface:processDebugManifest UP-TO-DATE
> Task :expo-device:processDebugManifest UP-TO-DATE
> Task :expo-json-utils:extractDeepLinksDebug UP-TO-DATE
> Task :expo-document-picker:extractDeepLinksDebug UP-TO-DATE
> Task :expo-document-picker:processDebugManifest UP-TO-DATE
> Task :expo-local-authentication:extractDeepLinksDebug UP-TO-DATE
> Task :expo-json-utils:processDebugManifest UP-TO-DATE
> Task :expo-manifests:extractDeepLinksDebug UP-TO-DATE
> Task :expo-local-authentication:processDebugManifest UP-TO-DATE
> Task :expo-manifests:processDebugManifest UP-TO-DATE
> Task :expo-modules-core:extractDeepLinksDebug UP-TO-DATE
> Task :expo-notifications:extractDeepLinksDebug UP-TO-DATE
> Task :expo-notifications:processDebugManifest UP-TO-DATE
> Task :expo-modules-core:processDebugManifest UP-TO-DATE
> Task :expo-secure-store:extractDeepLinksDebug UP-TO-DATE
> Task :expo-sharing:extractDeepLinksDebug UP-TO-DATE
> Task :expo-secure-store:processDebugManifest UP-TO-DATE
> Task :expo-sharing:processDebugManifest UP-TO-DATE
> Task :expo-task-manager:extractDeepLinksDebug UP-TO-DATE
> Task :expo-speech-recognition:extractDeepLinksDebug UP-TO-DATE
> Task :expo-task-manager:processDebugManifest UP-TO-DATE
> Task :expo-speech-recognition:processDebugManifest UP-TO-DATE
> Task :expo-updates-interface:extractDeepLinksDebug UP-TO-DATE
> Task :react-native-async-storage_async-storage:extractDeepLinksDebug UP-TO-DATE
> Task :expo-updates-interface:processDebugManifest UP-TO-DATE
> Task :react-native-async-storage_async-storage:processDebugManifest UP-TO-DATE
> Task :react-native-ble-plx:extractDeepLinksDebug UP-TO-DATE
> Task :react-native-community_datetimepicker:extractDeepLinksDebug UP-TO-DATE
> Task :react-native-community_datetimepicker:processDebugManifest UP-TO-DATE
> Task :react-native-ble-plx:processDebugManifest UP-TO-DATE
> Task :react-native-get-random-values:extractDeepLinksDebug UP-TO-DATE
> Task :react-native-picker_picker:extractDeepLinksDebug UP-TO-DATE
> Task :react-native-get-random-values:processDebugManifest UP-TO-DATE
> Task :react-native-picker_picker:processDebugManifest UP-TO-DATE
> Task :react-native-safe-area-context:extractDeepLinksDebug UP-TO-DATE
> Task :react-native-screens:extractDeepLinksDebug UP-TO-DATE
> Task :react-native-screens:processDebugManifest UP-TO-DATE
> Task :react-native-svg:extractDeepLinksDebug UP-TO-DATE
> Task :react-native-svg:processDebugManifest UP-TO-DATE
> Task :react-native-safe-area-context:processDebugManifest UP-TO-DATE
> Task :react-native-voice_voice:extractDeepLinksDebug UP-TO-DATE
> Task :react-native-worklets:extractDeepLinksDebug UP-TO-DATE

> Task :expo-constants:createExpoConfig
The NODE_ENV environment variable is required but was not specified. Ensure the project is bundled with Expo CLI or NODE_ENV is set. Using only .env.local and .env
env: load .env
env: export EXPO_PUBLIC_SUPABASE_URL EXPO_PUBLIC_SUPABASE_ANON_KEY

> Task :expo-constants:preBuild
> Task :expo-constants:preDebugBuild
> Task :expo-constants:writeDebugAarMetadata UP-TO-DATE
> Task :react-native-worklets:processDebugManifest UP-TO-DATE
> Task :expo-constants:generateDebugResValues UP-TO-DATE
> Task :expo-constants:generateDebugResources UP-TO-DATE
> Task :react-native-voice_voice:processDebugManifest UP-TO-DATE
> Task :unimodules-app-loader:extractDeepLinksDebug UP-TO-DATE
> Task :expo-constants:packageDebugResources UP-TO-DATE
> Task :expo-constants:extractDeepLinksDebug UP-TO-DATE
> Task :unimodules-app-loader:processDebugManifest UP-TO-DATE
> Task :expo-constants:processDebugManifest UP-TO-DATE
> Task :expo:compileDebugLibraryResources UP-TO-DATE
> Task :expo-background-fetch:compileDebugLibraryResources UP-TO-DATE
> Task :expo-background-fetch:parseDebugLocalResources UP-TO-DATE
> Task :expo:parseDebugLocalResources UP-TO-DATE
> Task :expo:generateDebugRFile UP-TO-DATE
> Task :expo-background-fetch:generateDebugRFile UP-TO-DATE
> Task :expo-crypto:compileDebugLibraryResources UP-TO-DATE
> Task :expo-dev-client:compileDebugLibraryResources UP-TO-DATE
> Task :expo-dev-client:parseDebugLocalResources UP-TO-DATE
> Task :expo-crypto:parseDebugLocalResources UP-TO-DATE
> Task :expo-dev-client:generateDebugRFile UP-TO-DATE
> Task :expo-constants:compileDebugLibraryResources UP-TO-DATE
> Task :expo-crypto:generateDebugRFile UP-TO-DATE
> Task :expo-dev-launcher:compileDebugLibraryResources UP-TO-DATE
> Task :expo-dev-menu:compileDebugLibraryResources UP-TO-DATE
> Task :expo-constants:parseDebugLocalResources UP-TO-DATE
> Task :expo-dev-launcher:parseDebugLocalResources UP-TO-DATE
> Task :expo-dev-menu:parseDebugLocalResources UP-TO-DATE
> Task :expo-dev-launcher:generateDebugRFile UP-TO-DATE
> Task :expo-constants:generateDebugRFile UP-TO-DATE
> Task :expo-dev-menu-interface:compileDebugLibraryResources UP-TO-DATE
> Task :expo-device:compileDebugLibraryResources UP-TO-DATE
> Task :expo-dev-menu:generateDebugRFile UP-TO-DATE
> Task :expo-document-picker:compileDebugLibraryResources UP-TO-DATE
> Task :expo-device:parseDebugLocalResources UP-TO-DATE
> Task :expo-dev-menu-interface:parseDebugLocalResources UP-TO-DATE
> Task :expo-document-picker:parseDebugLocalResources UP-TO-DATE
> Task :expo-device:generateDebugRFile UP-TO-DATE
> Task :expo-dev-menu-interface:generateDebugRFile UP-TO-DATE
> Task :expo-json-utils:compileDebugLibraryResources UP-TO-DATE
> Task :expo-document-picker:generateDebugRFile UP-TO-DATE
> Task :expo-local-authentication:compileDebugLibraryResources UP-TO-DATE
> Task :expo-manifests:compileDebugLibraryResources UP-TO-DATE
> Task :expo-json-utils:parseDebugLocalResources UP-TO-DATE
> Task :expo-local-authentication:parseDebugLocalResources UP-TO-DATE
> Task :expo-manifests:parseDebugLocalResources UP-TO-DATE
> Task :expo-local-authentication:generateDebugRFile UP-TO-DATE
> Task :expo-json-utils:generateDebugRFile UP-TO-DATE
> Task :expo-manifests:generateDebugRFile UP-TO-DATE
> Task :expo-modules-core:compileDebugLibraryResources UP-TO-DATE
> Task :expo-notifications:compileDebugLibraryResources UP-TO-DATE
> Task :expo-secure-store:compileDebugLibraryResources UP-TO-DATE
> Task :expo-modules-core:parseDebugLocalResources UP-TO-DATE
> Task :expo-notifications:parseDebugLocalResources UP-TO-DATE
> Task :expo-secure-store:parseDebugLocalResources UP-TO-DATE
> Task :expo-notifications:generateDebugRFile UP-TO-DATE
> Task :expo-modules-core:generateDebugRFile UP-TO-DATE
> Task :expo-secure-store:generateDebugRFile UP-TO-DATE
> Task :expo-sharing:compileDebugLibraryResources UP-TO-DATE
> Task :expo-speech-recognition:compileDebugLibraryResources UP-TO-DATE
> Task :expo-task-manager:compileDebugLibraryResources UP-TO-DATE
> Task :expo-task-manager:parseDebugLocalResources UP-TO-DATE
> Task :expo-speech-recognition:parseDebugLocalResources UP-TO-DATE
> Task :expo-sharing:parseDebugLocalResources UP-TO-DATE
> Task :expo-task-manager:generateDebugRFile UP-TO-DATE
> Task :expo-sharing:generateDebugRFile UP-TO-DATE
> Task :expo-speech-recognition:generateDebugRFile UP-TO-DATE
> Task :expo-updates-interface:compileDebugLibraryResources UP-TO-DATE
> Task :react-native-ble-plx:compileDebugLibraryResources UP-TO-DATE
> Task :react-native-async-storage_async-storage:compileDebugLibraryResources UP-TO-DATE
> Task :react-native-async-storage_async-storage:parseDebugLocalResources UP-TO-DATE
> Task :react-native-ble-plx:parseDebugLocalResources UP-TO-DATE
> Task :react-native-ble-plx:generateDebugRFile UP-TO-DATE
> Task :expo-updates-interface:parseDebugLocalResources UP-TO-DATE
> Task :react-native-community_datetimepicker:compileDebugLibraryResources UP-TO-DATE
> Task :react-native-async-storage_async-storage:generateDebugRFile UP-TO-DATE
> Task :react-native-community_datetimepicker:parseDebugLocalResources UP-TO-DATE
> Task :react-native-get-random-values:compileDebugLibraryResources UP-TO-DATE
> Task :react-native-community_datetimepicker:generateDebugRFile UP-TO-DATE
> Task :react-native-picker_picker:compileDebugLibraryResources UP-TO-DATE
> Task :react-native-get-random-values:parseDebugLocalResources UP-TO-DATE
> Task :react-native-picker_picker:parseDebugLocalResources UP-TO-DATE
> Task :react-native-get-random-values:generateDebugRFile UP-TO-DATE
> Task :react-native-safe-area-context:compileDebugLibraryResources UP-TO-DATE
> Task :react-native-picker_picker:generateDebugRFile UP-TO-DATE
> Task :react-native-screens:compileDebugLibraryResources UP-TO-DATE
> Task :react-native-safe-area-context:parseDebugLocalResources UP-TO-DATE
> Task :react-native-screens:parseDebugLocalResources UP-TO-DATE
> Task :react-native-safe-area-context:generateDebugRFile UP-TO-DATE
> Task :expo-updates-interface:generateDebugRFile UP-TO-DATE
> Task :react-native-voice_voice:compileDebugLibraryResources UP-TO-DATE
> Task :react-native-voice_voice:parseDebugLocalResources UP-TO-DATE
> Task :react-native-voice_voice:generateDebugRFile UP-TO-DATE
> Task :react-native-worklets:compileDebugLibraryResources UP-TO-DATE
> Task :react-native-svg:compileDebugLibraryResources UP-TO-DATE
> Task :react-native-worklets:parseDebugLocalResources UP-TO-DATE
> Task :react-native-worklets:generateDebugRFile UP-TO-DATE
> Task :unimodules-app-loader:compileDebugLibraryResources UP-TO-DATE
> Task :unimodules-app-loader:parseDebugLocalResources UP-TO-DATE
> Task :react-native-svg:parseDebugLocalResources UP-TO-DATE
> Task :unimodules-app-loader:generateDebugRFile UP-TO-DATE
> Task :expo:checkKotlinGradlePluginConfigurationErrors SKIPPED
> Task :react-native-svg:generateDebugRFile UP-TO-DATE
> Task :expo-background-fetch:checkKotlinGradlePluginConfigurationErrors SKIPPED
> Task :expo:generateDebugBuildConfig UP-TO-DATE
> Task :expo-modules-core:checkKotlinGradlePluginConfigurationErrors SKIPPED
> Task :expo-background-fetch:generateDebugBuildConfig UP-TO-DATE
> Task :expo-modules-core:generateDebugBuildConfig UP-TO-DATE
> Task :expo-background-fetch:javaPreCompileDebug UP-TO-DATE
> Task :expo-constants:checkKotlinGradlePluginConfigurationErrors SKIPPED
> Task :expo-constants:generateDebugBuildConfig UP-TO-DATE
> Task :expo-constants:javaPreCompileDebug UP-TO-DATE
> Task :expo-crypto:checkKotlinGradlePluginConfigurationErrors SKIPPED
> Task :expo-crypto:generateDebugBuildConfig UP-TO-DATE
> Task :expo-crypto:javaPreCompileDebug UP-TO-DATE
> Task :expo-dev-client:checkKotlinGradlePluginConfigurationErrors SKIPPED
> Task :expo-dev-client:dataBindingMergeDependencyArtifactsDebug UP-TO-DATE
> Task :expo-dev-client:dataBindingGenBaseClassesDebug UP-TO-DATE
> Task :expo-dev-client:generateDebugBuildConfig UP-TO-DATE
> Task :expo-dev-client:javaPreCompileDebug UP-TO-DATE
> Task :expo-dev-launcher:checkKotlinGradlePluginConfigurationErrors SKIPPED
> Task :react-native-screens:generateDebugRFile UP-TO-DATE
> Task :expo-dev-menu:checkKotlinGradlePluginConfigurationErrors SKIPPED
> Task :expo-dev-menu:generateDebugBuildConfig UP-TO-DATE
> Task :expo-dev-menu-interface:checkKotlinGradlePluginConfigurationErrors SKIPPED
> Task :expo-dev-menu-interface:generateDebugBuildConfig UP-TO-DATE
> Task :expo-dev-menu-interface:javaPreCompileDebug UP-TO-DATE
> Task :expo-json-utils:checkKotlinGradlePluginConfigurationErrors SKIPPED
> Task :expo-json-utils:generateDebugBuildConfig UP-TO-DATE
> Task :expo-json-utils:javaPreCompileDebug UP-TO-DATE
> Task :expo-manifests:checkKotlinGradlePluginConfigurationErrors SKIPPED
> Task :expo-manifests:generateDebugBuildConfig UP-TO-DATE
> Task :expo-manifests:javaPreCompileDebug UP-TO-DATE
> Task :expo-dev-menu:javaPreCompileDebug UP-TO-DATE
> Task :expo-updates-interface:checkKotlinGradlePluginConfigurationErrors SKIPPED
> Task :expo-updates-interface:generateDebugBuildConfig UP-TO-DATE
> Task :expo-updates-interface:javaPreCompileDebug UP-TO-DATE
> Task :expo-device:checkKotlinGradlePluginConfigurationErrors SKIPPED
> Task :expo-device:generateDebugBuildConfig UP-TO-DATE
> Task :expo-device:javaPreCompileDebug UP-TO-DATE
> Task :expo-document-picker:checkKotlinGradlePluginConfigurationErrors SKIPPED
> Task :expo-document-picker:generateDebugBuildConfig UP-TO-DATE
> Task :expo-document-picker:javaPreCompileDebug UP-TO-DATE
> Task :expo-local-authentication:checkKotlinGradlePluginConfigurationErrors SKIPPED
> Task :expo-local-authentication:generateDebugBuildConfig UP-TO-DATE
> Task :expo-local-authentication:javaPreCompileDebug UP-TO-DATE
> Task :expo-notifications:checkKotlinGradlePluginConfigurationErrors SKIPPED
> Task :expo-notifications:generateDebugBuildConfig UP-TO-DATE
> Task :expo-notifications:javaPreCompileDebug UP-TO-DATE
> Task :expo-secure-store:checkKotlinGradlePluginConfigurationErrors SKIPPED
> Task :expo-secure-store:generateDebugBuildConfig UP-TO-DATE
> Task :expo-secure-store:javaPreCompileDebug UP-TO-DATE
> Task :expo-sharing:checkKotlinGradlePluginConfigurationErrors SKIPPED
> Task :expo-sharing:generateDebugBuildConfig UP-TO-DATE
> Task :expo-sharing:javaPreCompileDebug UP-TO-DATE
> Task :expo-speech-recognition:checkKotlinGradlePluginConfigurationErrors SKIPPED
> Task :expo-speech-recognition:generateDebugBuildConfig UP-TO-DATE
> Task :expo-speech-recognition:javaPreCompileDebug UP-TO-DATE
> Task :expo-task-manager:checkKotlinGradlePluginConfigurationErrors SKIPPED
> Task :expo-task-manager:generateDebugBuildConfig UP-TO-DATE
> Task :unimodules-app-loader:checkKotlinGradlePluginConfigurationErrors SKIPPED
> Task :unimodules-app-loader:generateDebugBuildConfig UP-TO-DATE
> Task :unimodules-app-loader:javaPreCompileDebug UP-TO-DATE
> Task :expo-task-manager:javaPreCompileDebug UP-TO-DATE
> Task :expo:javaPreCompileDebug UP-TO-DATE
> Task :expo-modules-core:compileDebugKotlin UP-TO-DATE
> Task :expo-modules-core:javaPreCompileDebug UP-TO-DATE
> Task :react-native-async-storage_async-storage:generateDebugBuildConfig UP-TO-DATE
> Task :react-native-async-storage_async-storage:javaPreCompileDebug UP-TO-DATE
> Task :expo-dev-launcher:dataBindingMergeDependencyArtifactsDebug UP-TO-DATE
> Task :react-native-reanimated:assertWorkletsVersionTask
> Task :react-native-reanimated:generateCodegenSchemaFromJavaScript UP-TO-DATE
> Task :react-native-reanimated:generateCodegenArtifactsFromSchema UP-TO-DATE
> Task :react-native-reanimated:prepareReanimatedHeadersForPrefabs UP-TO-DATE
> Task :react-native-reanimated:preBuild
> Task :react-native-reanimated:preDebugBuild
> Task :react-native-reanimated:writeDebugAarMetadata UP-TO-DATE
> Task :react-native-async-storage_async-storage:compileDebugJavaWithJavac UP-TO-DATE
> Task :react-native-reanimated:generateDebugResValues UP-TO-DATE
> Task :react-native-reanimated:generateDebugResources UP-TO-DATE
> Task :expo-dev-launcher:dataBindingGenBaseClassesDebug UP-TO-DATE
> Task :expo-dev-launcher:generateDebugBuildConfig UP-TO-DATE
> Task :expo-dev-launcher:checkApolloVersions UP-TO-DATE
> Task :app:checkDebugAarMetadata UP-TO-DATE
> Task :react-native-async-storage_async-storage:bundleLibCompileToJarDebug UP-TO-DATE
> Task :react-native-ble-plx:generateDebugBuildConfig UP-TO-DATE
> Task :react-native-reanimated:packageDebugResources UP-TO-DATE
> Task :react-native-ble-plx:javaPreCompileDebug UP-TO-DATE
> Task :react-native-reanimated:extractDeepLinksDebug UP-TO-DATE
> Task :app:mapDebugSourceSetPaths UP-TO-DATE
> Task :app:mergeDebugResources UP-TO-DATE
> Task :expo-modules-core:compileDebugJavaWithJavac UP-TO-DATE
> Task :expo-dev-launcher:generateServiceApolloOptions UP-TO-DATE
> Task :expo-modules-core:bundleLibCompileToJarDebug UP-TO-DATE
> Task :react-native-reanimated:processDebugManifest UP-TO-DATE
> Task :react-native-reanimated:compileDebugLibraryResources UP-TO-DATE
> Task :react-native-reanimated:parseDebugLocalResources UP-TO-DATE
> Task :react-native-reanimated:generateDebugRFile UP-TO-DATE
> Task :react-native-ble-plx:compileDebugJavaWithJavac UP-TO-DATE
> Task :expo-dev-launcher:generateServiceApolloSources UP-TO-DATE
> Task :expo-background-fetch:compileDebugKotlin FROM-CACHE
> Task :expo-crypto:compileDebugKotlin FROM-CACHE

> Task :app:processDebugMainManifest
[com.android.support:animated-vector-drawable:28.0.0] C:\Users\Rising\.gradle\caches\8.14.3\transforms\aa5e6cc35141492bbcae043be832c388\transformed\animated-vector-drawable-28.0.0\AndroidManifest.xml Warning:
	Namespace 'android.support.graphics.drawable' is used in multiple modules and/or libraries: com.android.support:animated-vector-drawable:28.0.0, com.android.support:support-vector-drawable:28.0.0. Please ensure that all modules and libraries have a unique namespace. For more information, See https://developer.android.com/studio/build/configure-app-module#set-namespace
[androidx.versionedparcelable:versionedparcelable:1.1.1] C:\Users\Rising\.gradle\caches\8.14.3\transforms\a98f0e4a12e242b067bb847e3b14bdf1\transformed\versionedparcelable-1.1.1\AndroidManifest.xml Warning:
	Namespace 'androidx.versionedparcelable' is used in multiple modules and/or libraries: androidx.versionedparcelable:versionedparcelable:1.1.1, com.android.support:versionedparcelable:28.0.0. Please ensure that all modules and libraries have a unique namespace. For more information, See https://developer.android.com/studio/build/configure-app-module#set-namespace
E:\Mobile apps projects\AssanPOS V2\android\app\src\debug\AndroidManifest.xml:6:5-162 Warning:
	application@android:usesCleartextTraffic was tagged at AndroidManifest.xml:6 to replace other declarations but no other declaration present
E:\Mobile apps projects\AssanPOS V2\android\app\src\debug\AndroidManifest.xml Warning:
	provider#expo.modules.filesystem.FileSystemFileProvider@android:authorities was tagged at AndroidManifest.xml:0 to replace other declarations but no other declaration present

> Task :app:processDebugManifest FROM-CACHE
> Task :app:processDebugManifestForPackage FROM-CACHE
> Task :expo-constants:compileDebugKotlin FROM-CACHE
> Task :expo-background-fetch:compileDebugJavaWithJavac FROM-CACHE
> Task :expo-crypto:compileDebugJavaWithJavac FROM-CACHE
> Task :expo-constants:compileDebugJavaWithJavac FROM-CACHE
> Task :expo-background-fetch:bundleLibCompileToJarDebug
> Task :expo-dev-client:compileDebugKotlin NO-SOURCE
> Task :expo-crypto:bundleLibCompileToJarDebug
> Task :expo-dev-client:compileDebugJavaWithJavac FROM-CACHE
> Task :expo-dev-client:bundleLibCompileToJarDebug
> Task :expo-constants:bundleLibCompileToJarDebug
> Task :expo-json-utils:compileDebugKotlin FROM-CACHE
> Task :expo-updates-interface:compileDebugKotlin FROM-CACHE
> Task :expo-updates-interface:compileDebugJavaWithJavac FROM-CACHE
> Task :expo-json-utils:compileDebugJavaWithJavac FROM-CACHE
> Task :expo-json-utils:bundleLibCompileToJarDebug
> Task :expo-updates-interface:bundleLibCompileToJarDebug
> Task :expo-dev-launcher:javaPreCompileDebug UP-TO-DATE
> Task :expo-dev-menu-interface:compileDebugKotlin FROM-CACHE
> Task :expo-dev-menu-interface:compileDebugJavaWithJavac FROM-CACHE
> Task :expo-dev-menu-interface:bundleLibCompileToJarDebug
> Task :expo-device:compileDebugKotlin FROM-CACHE
> Task :expo-manifests:compileDebugKotlin FROM-CACHE
> Task :expo-device:compileDebugJavaWithJavac FROM-CACHE
> Task :expo-device:bundleLibCompileToJarDebug
> Task :expo-document-picker:compileDebugKotlin FROM-CACHE
> Task :expo-manifests:compileDebugJavaWithJavac FROM-CACHE
> Task :expo-manifests:bundleLibCompileToJarDebug
> Task :expo-document-picker:compileDebugJavaWithJavac FROM-CACHE
> Task :expo-document-picker:bundleLibCompileToJarDebug
> Task :expo-local-authentication:compileDebugKotlin FROM-CACHE
> Task :expo-local-authentication:compileDebugJavaWithJavac FROM-CACHE
> Task :expo-local-authentication:bundleLibCompileToJarDebug
> Task :expo-secure-store:compileDebugKotlin FROM-CACHE
> Task :expo-secure-store:compileDebugJavaWithJavac FROM-CACHE
> Task :expo-secure-store:bundleLibCompileToJarDebug
> Task :expo-sharing:compileDebugKotlin FROM-CACHE
> Task :expo-sharing:compileDebugJavaWithJavac FROM-CACHE
> Task :expo-sharing:bundleLibCompileToJarDebug
> Task :expo-speech-recognition:compileDebugKotlin FROM-CACHE
> Task :expo-speech-recognition:compileDebugJavaWithJavac FROM-CACHE
> Task :expo-speech-recognition:bundleLibCompileToJarDebug
> Task :unimodules-app-loader:compileDebugKotlin NO-SOURCE
> Task :unimodules-app-loader:compileDebugJavaWithJavac FROM-CACHE
> Task :unimodules-app-loader:bundleLibCompileToJarDebug
> Task :expo-dev-menu:compileDebugKotlin FROM-CACHE
> Task :expo-dev-menu:compileDebugJavaWithJavac FROM-CACHE
> Task :expo-dev-menu:bundleLibCompileToJarDebug
> Task :expo-notifications:compileDebugKotlin FROM-CACHE
> Task :expo-notifications:compileDebugJavaWithJavac FROM-CACHE
> Task :expo-task-manager:compileDebugKotlin FROM-CACHE
> Task :expo-task-manager:compileDebugJavaWithJavac FROM-CACHE
> Task :expo-notifications:bundleLibCompileToJarDebug
> Task :react-native-ble-plx:bundleLibCompileToJarDebug UP-TO-DATE
> Task :react-native-community_datetimepicker:checkKotlinGradlePluginConfigurationErrors SKIPPED
> Task :react-native-community_datetimepicker:generateDebugBuildConfig UP-TO-DATE
> Task :expo-task-manager:bundleLibCompileToJarDebug
> Task :react-native-get-random-values:generateDebugBuildConfig FROM-CACHE
> Task :react-native-get-random-values:javaPreCompileDebug FROM-CACHE
> Task :app:processDebugResources
> Task :react-native-picker_picker:generateDebugBuildConfig FROM-CACHE
> Task :react-native-picker_picker:javaPreCompileDebug FROM-CACHE
> Task :react-native-picker_picker:compileDebugJavaWithJavac FROM-CACHE
> Task :react-native-picker_picker:bundleLibCompileToJarDebug
> Task :react-native-reanimated:generateDebugBuildConfig FROM-CACHE
> Task :react-native-reanimated:javaPreCompileDebug FROM-CACHE
> Task :react-native-community_datetimepicker:compileDebugKotlin UP-TO-DATE
> Task :react-native-community_datetimepicker:javaPreCompileDebug FROM-CACHE
> Task :react-native-worklets:generateDebugBuildConfig FROM-CACHE
> Task :react-native-worklets:javaPreCompileDebug FROM-CACHE
> Task :react-native-community_datetimepicker:compileDebugJavaWithJavac FROM-CACHE
> Task :react-native-community_datetimepicker:bundleLibCompileToJarDebug
> Task :react-native-safe-area-context:checkKotlinGradlePluginConfigurationErrors SKIPPED
> Task :react-native-safe-area-context:generateDebugBuildConfig FROM-CACHE
> Task :react-native-worklets:compileDebugJavaWithJavac FROM-CACHE
> Task :react-native-worklets:bundleLibCompileToJarDebug
> Task :react-native-reanimated:compileDebugJavaWithJavac FROM-CACHE
> Task :react-native-reanimated:bundleLibCompileToJarDebug
> Task :react-native-screens:checkKotlinGradlePluginConfigurationErrors SKIPPED
> Task :react-native-screens:generateDebugBuildConfig FROM-CACHE
> Task :react-native-safe-area-context:compileDebugKotlin FROM-CACHE
> Task :react-native-safe-area-context:javaPreCompileDebug FROM-CACHE
> Task :react-native-safe-area-context:compileDebugJavaWithJavac FROM-CACHE
> Task :react-native-safe-area-context:bundleLibCompileToJarDebug
> Task :react-native-svg:generateDebugBuildConfig FROM-CACHE
> Task :react-native-svg:javaPreCompileDebug FROM-CACHE
> Task :react-native-get-random-values:compileDebugJavaWithJavac FROM-CACHE
> Task :react-native-get-random-values:bundleLibCompileToJarDebug
> Task :react-native-voice_voice:generateDebugBuildConfig FROM-CACHE
> Task :react-native-voice_voice:javaPreCompileDebug FROM-CACHE
> Task :react-native-voice_voice:compileDebugJavaWithJavac FROM-CACHE
> Task :react-native-voice_voice:bundleLibCompileToJarDebug
> Task :app:javaPreCompileDebug FROM-CACHE
> Task :app:mergeDebugShaders
> Task :app:compileDebugShaders NO-SOURCE
> Task :app:generateDebugAssets UP-TO-DATE
> Task :expo:mergeDebugShaders
> Task :expo:compileDebugShaders NO-SOURCE
> Task :expo:generateDebugAssets UP-TO-DATE
> Task :expo:mergeDebugAssets
> Task :expo-background-fetch:mergeDebugShaders
> Task :expo-background-fetch:compileDebugShaders NO-SOURCE
> Task :expo-background-fetch:generateDebugAssets UP-TO-DATE
> Task :expo-background-fetch:mergeDebugAssets
> Task :expo-constants:mergeDebugShaders
> Task :expo-constants:compileDebugShaders NO-SOURCE
> Task :expo-constants:generateDebugAssets UP-TO-DATE
> Task :expo-constants:mergeDebugAssets
> Task :expo-crypto:mergeDebugShaders
> Task :expo-crypto:compileDebugShaders NO-SOURCE
> Task :expo-crypto:generateDebugAssets UP-TO-DATE
> Task :expo-crypto:mergeDebugAssets
> Task :expo-dev-client:mergeDebugShaders
> Task :expo-dev-client:compileDebugShaders NO-SOURCE
> Task :expo-dev-client:generateDebugAssets UP-TO-DATE
> Task :expo-dev-client:mergeDebugAssets
> Task :expo-dev-menu:mergeDebugShaders
> Task :expo-dev-menu:compileDebugShaders NO-SOURCE
> Task :expo-dev-menu:generateDebugAssets UP-TO-DATE
> Task :expo-dev-menu:mergeDebugAssets
> Task :expo-dev-menu-interface:mergeDebugShaders
> Task :expo-dev-menu-interface:compileDebugShaders NO-SOURCE
> Task :expo-dev-menu-interface:generateDebugAssets UP-TO-DATE
> Task :expo-dev-menu-interface:mergeDebugAssets
> Task :expo-device:mergeDebugShaders
> Task :expo-device:compileDebugShaders NO-SOURCE
> Task :expo-device:generateDebugAssets UP-TO-DATE
> Task :expo-device:mergeDebugAssets
> Task :expo-document-picker:mergeDebugShaders
> Task :expo-document-picker:compileDebugShaders NO-SOURCE
> Task :expo-document-picker:generateDebugAssets UP-TO-DATE
> Task :expo-document-picker:mergeDebugAssets
> Task :expo-json-utils:mergeDebugShaders
> Task :expo-json-utils:compileDebugShaders NO-SOURCE
> Task :expo-json-utils:generateDebugAssets UP-TO-DATE
> Task :expo-json-utils:mergeDebugAssets
> Task :expo-local-authentication:mergeDebugShaders
> Task :expo-local-authentication:compileDebugShaders NO-SOURCE
> Task :expo-local-authentication:generateDebugAssets UP-TO-DATE
> Task :expo-local-authentication:mergeDebugAssets
> Task :expo-manifests:mergeDebugShaders
> Task :expo-manifests:compileDebugShaders NO-SOURCE
> Task :expo-manifests:generateDebugAssets UP-TO-DATE
> Task :expo-manifests:mergeDebugAssets
> Task :expo-modules-core:mergeDebugShaders
> Task :expo-modules-core:compileDebugShaders NO-SOURCE
> Task :expo-modules-core:generateDebugAssets UP-TO-DATE
> Task :expo-modules-core:mergeDebugAssets
> Task :expo-notifications:mergeDebugShaders
> Task :expo-notifications:compileDebugShaders NO-SOURCE
> Task :expo-notifications:generateDebugAssets UP-TO-DATE
> Task :expo-notifications:mergeDebugAssets
> Task :expo-secure-store:mergeDebugShaders
> Task :expo-secure-store:compileDebugShaders NO-SOURCE
> Task :expo-secure-store:generateDebugAssets UP-TO-DATE
> Task :expo-secure-store:mergeDebugAssets
> Task :expo-sharing:mergeDebugShaders
> Task :expo-sharing:compileDebugShaders NO-SOURCE
> Task :expo-sharing:generateDebugAssets UP-TO-DATE
> Task :expo-sharing:mergeDebugAssets
> Task :expo-speech-recognition:mergeDebugShaders
> Task :expo-speech-recognition:compileDebugShaders NO-SOURCE
> Task :expo-speech-recognition:generateDebugAssets UP-TO-DATE
> Task :expo-speech-recognition:mergeDebugAssets
> Task :expo-task-manager:mergeDebugShaders
> Task :expo-task-manager:compileDebugShaders NO-SOURCE
> Task :expo-task-manager:generateDebugAssets UP-TO-DATE
> Task :expo-task-manager:mergeDebugAssets
> Task :expo-updates-interface:mergeDebugShaders
> Task :expo-updates-interface:compileDebugShaders NO-SOURCE
> Task :expo-updates-interface:generateDebugAssets UP-TO-DATE
> Task :expo-updates-interface:mergeDebugAssets
> Task :react-native-async-storage_async-storage:mergeDebugShaders
> Task :react-native-async-storage_async-storage:compileDebugShaders NO-SOURCE
> Task :react-native-async-storage_async-storage:generateDebugAssets UP-TO-DATE
> Task :react-native-async-storage_async-storage:mergeDebugAssets
> Task :react-native-ble-plx:mergeDebugShaders
> Task :react-native-ble-plx:compileDebugShaders NO-SOURCE
> Task :react-native-ble-plx:generateDebugAssets UP-TO-DATE
> Task :react-native-ble-plx:mergeDebugAssets
> Task :react-native-community_datetimepicker:mergeDebugShaders
> Task :react-native-community_datetimepicker:compileDebugShaders NO-SOURCE
> Task :react-native-community_datetimepicker:generateDebugAssets UP-TO-DATE
> Task :react-native-community_datetimepicker:mergeDebugAssets
> Task :react-native-get-random-values:mergeDebugShaders
> Task :react-native-get-random-values:compileDebugShaders NO-SOURCE
> Task :react-native-get-random-values:generateDebugAssets UP-TO-DATE
> Task :react-native-get-random-values:mergeDebugAssets
> Task :react-native-picker_picker:mergeDebugShaders
> Task :react-native-picker_picker:compileDebugShaders NO-SOURCE
> Task :react-native-picker_picker:generateDebugAssets UP-TO-DATE
> Task :react-native-picker_picker:mergeDebugAssets
> Task :react-native-reanimated:mergeDebugShaders
> Task :react-native-reanimated:compileDebugShaders NO-SOURCE
> Task :react-native-reanimated:generateDebugAssets UP-TO-DATE
> Task :react-native-reanimated:mergeDebugAssets
> Task :react-native-safe-area-context:mergeDebugShaders
> Task :react-native-safe-area-context:compileDebugShaders NO-SOURCE
> Task :react-native-safe-area-context:generateDebugAssets UP-TO-DATE
> Task :react-native-safe-area-context:mergeDebugAssets
> Task :react-native-svg:compileDebugJavaWithJavac FROM-CACHE
> Task :react-native-voice_voice:mergeDebugShaders
> Task :react-native-svg:mergeDebugShaders
> Task :react-native-svg:compileDebugShaders NO-SOURCE
> Task :react-native-svg:generateDebugAssets UP-TO-DATE
> Task :react-native-svg:mergeDebugAssets
> Task :react-native-voice_voice:compileDebugShaders NO-SOURCE
> Task :react-native-voice_voice:generateDebugAssets UP-TO-DATE
> Task :react-native-voice_voice:mergeDebugAssets
> Task :react-native-worklets:mergeDebugShaders
> Task :react-native-worklets:compileDebugShaders NO-SOURCE
> Task :react-native-worklets:generateDebugAssets UP-TO-DATE
> Task :react-native-worklets:mergeDebugAssets
> Task :unimodules-app-loader:mergeDebugShaders
> Task :unimodules-app-loader:compileDebugShaders NO-SOURCE
> Task :unimodules-app-loader:generateDebugAssets UP-TO-DATE
> Task :unimodules-app-loader:mergeDebugAssets
> Task :react-native-community_datetimepicker:bundleLibRuntimeToJarDebug
> Task :react-native-svg:bundleLibCompileToJarDebug
> Task :react-native-safe-area-context:bundleLibRuntimeToJarDebug
> Task :react-native-async-storage_async-storage:bundleLibRuntimeToJarDebug
> Task :react-native-screens:compileDebugKotlin FROM-CACHE
> Task :react-native-screens:javaPreCompileDebug FROM-CACHE
> Task :react-native-picker_picker:bundleLibRuntimeToJarDebug
> Task :react-native-voice_voice:bundleLibRuntimeToJarDebug
> Task :expo-dev-launcher:compileDebugKotlin FROM-CACHE
> Task :expo-background-fetch:bundleLibRuntimeToJarDebug
> Task :expo-constants:bundleLibRuntimeToJarDebug
> Task :expo-dev-client:bundleLibRuntimeToJarDebug
> Task :expo-crypto:bundleLibRuntimeToJarDebug
> Task :react-native-screens:compileDebugJavaWithJavac FROM-CACHE
> Task :expo-dev-menu-interface:bundleLibRuntimeToJarDebug
> Task :react-native-screens:mergeDebugShaders
> Task :react-native-screens:compileDebugShaders NO-SOURCE
> Task :react-native-screens:generateDebugAssets UP-TO-DATE
> Task :react-native-screens:mergeDebugAssets
> Task :react-native-screens:bundleLibCompileToJarDebug
> Task :expo-dev-launcher:compileDebugJavaWithJavac FROM-CACHE
> Task :expo-device:bundleLibRuntimeToJarDebug
> Task :expo-document-picker:bundleLibRuntimeToJarDebug
> Task :expo-dev-launcher:mergeDebugShaders
> Task :expo-dev-launcher:compileDebugShaders NO-SOURCE
> Task :expo-dev-launcher:generateDebugAssets UP-TO-DATE
> Task :expo-dev-launcher:mergeDebugAssets
> Task :react-native-screens:bundleLibRuntimeToJarDebug
> Task :expo-dev-menu:bundleLibRuntimeToJarDebug
> Task :expo-dev-launcher:bundleLibRuntimeToJarDebug
> Task :expo-json-utils:bundleLibRuntimeToJarDebug
> Task :expo-local-authentication:bundleLibRuntimeToJarDebug
> Task :app:mergeDebugAssets
> Task :expo-manifests:bundleLibRuntimeToJarDebug
> Task :expo-dev-launcher:bundleLibCompileToJarDebug
> Task :app:compressDebugAssets FROM-CACHE
> Task :expo-secure-store:bundleLibRuntimeToJarDebug
> Task :expo-sharing:bundleLibRuntimeToJarDebug
> Task :expo-notifications:bundleLibRuntimeToJarDebug
> Task :expo-speech-recognition:bundleLibRuntimeToJarDebug
> Task :expo-task-manager:bundleLibRuntimeToJarDebug
> Task :expo-updates-interface:bundleLibRuntimeToJarDebug
> Task :unimodules-app-loader:bundleLibRuntimeToJarDebug
> Task :react-native-get-random-values:bundleLibRuntimeToJarDebug
> Task :react-native-ble-plx:bundleLibRuntimeToJarDebug
> Task :react-native-svg:bundleLibRuntimeToJarDebug
> Task :expo-modules-core:bundleLibRuntimeToJarDebug
> Task :react-native-reanimated:bundleLibRuntimeToJarDebug
> Task :react-native-worklets:bundleLibRuntimeToJarDebug
> Task :expo:compileDebugKotlin FROM-CACHE
> Task :app:desugarDebugFileDependencies FROM-CACHE
> Task :expo:compileDebugJavaWithJavac FROM-CACHE
> Task :expo-background-fetch:processDebugJavaRes
> Task :expo:processDebugJavaRes
> Task :expo-constants:processDebugJavaRes
> Task :expo-dev-client:processDebugJavaRes NO-SOURCE
> Task :expo-crypto:processDebugJavaRes
> Task :expo:bundleLibCompileToJarDebug
> Task :expo:bundleLibRuntimeToJarDebug
> Task :expo-dev-menu:processDebugJavaRes
> Task :expo-dev-menu-interface:processDebugJavaRes
> Task :expo-device:processDebugJavaRes
> Task :expo-dev-launcher:processDebugJavaRes
> Task :expo-json-utils:processDebugJavaRes
> Task :expo-document-picker:processDebugJavaRes
> Task :expo-local-authentication:processDebugJavaRes
> Task :expo-manifests:processDebugJavaRes
> Task :expo-notifications:processDebugJavaRes
> Task :expo-modules-core:processDebugJavaRes
> Task :expo-sharing:processDebugJavaRes
> Task :expo-secure-store:processDebugJavaRes
> Task :expo-updates-interface:processDebugJavaRes
> Task :react-native-async-storage_async-storage:processDebugJavaRes NO-SOURCE
> Task :react-native-ble-plx:processDebugJavaRes NO-SOURCE
> Task :expo-speech-recognition:processDebugJavaRes
> Task :react-native-get-random-values:processDebugJavaRes NO-SOURCE
> Task :react-native-picker_picker:processDebugJavaRes NO-SOURCE
> Task :react-native-reanimated:processDebugJavaRes NO-SOURCE
> Task :react-native-safe-area-context:processDebugJavaRes
> Task :react-native-community_datetimepicker:processDebugJavaRes
> Task :react-native-svg:processDebugJavaRes NO-SOURCE
> Task :react-native-voice_voice:processDebugJavaRes NO-SOURCE
> Task :react-native-worklets:processDebugJavaRes NO-SOURCE
> Task :unimodules-app-loader:processDebugJavaRes NO-SOURCE
> Task :expo-task-manager:processDebugJavaRes
> Task :expo:mergeDebugJniLibFolders
> Task :expo:mergeDebugNativeLibs NO-SOURCE
> Task :expo:copyDebugJniLibsProjectOnly
> Task :expo-background-fetch:mergeDebugJniLibFolders
> Task :expo-background-fetch:mergeDebugNativeLibs NO-SOURCE
> Task :expo-background-fetch:copyDebugJniLibsProjectOnly
> Task :expo-constants:mergeDebugJniLibFolders
> Task :expo-constants:mergeDebugNativeLibs NO-SOURCE
> Task :expo-constants:copyDebugJniLibsProjectOnly
> Task :expo-crypto:mergeDebugJniLibFolders
> Task :expo-crypto:mergeDebugNativeLibs NO-SOURCE
> Task :expo-crypto:copyDebugJniLibsProjectOnly
> Task :react-native-screens:processDebugJavaRes
> Task :expo-dev-client:mergeDebugJniLibFolders
> Task :expo-dev-client:mergeDebugNativeLibs NO-SOURCE
> Task :expo-dev-launcher:mergeDebugJniLibFolders
> Task :expo-dev-client:copyDebugJniLibsProjectOnly
> Task :expo-dev-launcher:mergeDebugNativeLibs NO-SOURCE
> Task :expo-dev-launcher:copyDebugJniLibsProjectOnly
> Task :expo-dev-menu:mergeDebugJniLibFolders
> Task :expo-dev-menu:mergeDebugNativeLibs NO-SOURCE
> Task :expo-dev-menu:copyDebugJniLibsProjectOnly
> Task :expo-dev-menu-interface:mergeDebugJniLibFolders
> Task :expo-dev-menu-interface:mergeDebugNativeLibs NO-SOURCE
> Task :expo-dev-menu-interface:copyDebugJniLibsProjectOnly
> Task :expo-device:mergeDebugJniLibFolders
> Task :expo-device:mergeDebugNativeLibs NO-SOURCE
> Task :expo-device:copyDebugJniLibsProjectOnly
> Task :expo-document-picker:mergeDebugJniLibFolders
> Task :expo-document-picker:mergeDebugNativeLibs NO-SOURCE
> Task :expo-document-picker:copyDebugJniLibsProjectOnly
> Task :expo-json-utils:mergeDebugJniLibFolders
> Task :expo-json-utils:mergeDebugNativeLibs NO-SOURCE
> Task :expo-json-utils:copyDebugJniLibsProjectOnly
> Task :expo-local-authentication:mergeDebugJniLibFolders
> Task :expo-local-authentication:mergeDebugNativeLibs NO-SOURCE
> Task :expo-local-authentication:copyDebugJniLibsProjectOnly
> Task :expo-manifests:mergeDebugJniLibFolders
> Task :expo-manifests:mergeDebugNativeLibs NO-SOURCE
> Task :expo-manifests:copyDebugJniLibsProjectOnly
> Task :expo-notifications:mergeDebugJniLibFolders
> Task :expo-notifications:mergeDebugNativeLibs NO-SOURCE
> Task :expo-notifications:copyDebugJniLibsProjectOnly
> Task :expo-secure-store:mergeDebugJniLibFolders
> Task :expo-secure-store:mergeDebugNativeLibs NO-SOURCE
> Task :expo-secure-store:copyDebugJniLibsProjectOnly
> Task :expo-sharing:mergeDebugJniLibFolders
> Task :expo-sharing:mergeDebugNativeLibs NO-SOURCE
> Task :expo-sharing:copyDebugJniLibsProjectOnly
> Task :expo-speech-recognition:mergeDebugJniLibFolders
> Task :expo-speech-recognition:mergeDebugNativeLibs NO-SOURCE
> Task :expo-speech-recognition:copyDebugJniLibsProjectOnly
> Task :expo-task-manager:mergeDebugJniLibFolders
> Task :expo-task-manager:mergeDebugNativeLibs NO-SOURCE
> Task :expo-task-manager:copyDebugJniLibsProjectOnly
> Task :expo-updates-interface:mergeDebugJniLibFolders
> Task :expo-updates-interface:mergeDebugNativeLibs NO-SOURCE
> Task :expo-updates-interface:copyDebugJniLibsProjectOnly
> Task :react-native-async-storage_async-storage:mergeDebugJniLibFolders
> Task :react-native-async-storage_async-storage:mergeDebugNativeLibs NO-SOURCE
> Task :react-native-async-storage_async-storage:copyDebugJniLibsProjectOnly
> Task :react-native-ble-plx:mergeDebugJniLibFolders
> Task :react-native-ble-plx:mergeDebugNativeLibs NO-SOURCE
> Task :react-native-ble-plx:copyDebugJniLibsProjectOnly
> Task :react-native-community_datetimepicker:mergeDebugJniLibFolders
> Task :react-native-community_datetimepicker:mergeDebugNativeLibs NO-SOURCE
> Task :react-native-community_datetimepicker:copyDebugJniLibsProjectOnly
> Task :react-native-get-random-values:mergeDebugJniLibFolders
> Task :react-native-get-random-values:mergeDebugNativeLibs NO-SOURCE
> Task :react-native-get-random-values:copyDebugJniLibsProjectOnly
> Task :react-native-picker_picker:mergeDebugJniLibFolders
> Task :react-native-picker_picker:mergeDebugNativeLibs NO-SOURCE
> Task :react-native-picker_picker:copyDebugJniLibsProjectOnly
> Task :react-native-reanimated:mergeDebugJniLibFolders
> Task :react-native-safe-area-context:mergeDebugJniLibFolders
> Task :react-native-safe-area-context:mergeDebugNativeLibs NO-SOURCE
> Task :react-native-safe-area-context:copyDebugJniLibsProjectOnly
> Task :react-native-screens:configureCMakeDebug[arm64-v8a]
> Task :expo-modules-core:configureCMakeDebug[arm64-v8a]
> Task :react-native-worklets:configureCMakeDebug[arm64-v8a]
> Task :app:checkDebugDuplicateClasses FAILED
> Task :react-native-worklets:configureCMakeDebug[x86_64]

> Task :app:compileDebugKotlin
w: file:///E:/Mobile%20apps%20projects/AssanPOS%20V2/android/app/src/main/java/com/lakhwera001/asaanpos/MainApplication.kt:9:8 'class ReactNativeHost : Any' is deprecated. Deprecated in Java.
w: file:///E:/Mobile%20apps%20projects/AssanPOS%20V2/android/app/src/main/java/com/lakhwera001/asaanpos/MainApplication.kt:21:16 This declaration overrides a deprecated member but is not marked as deprecated itself. Add the '@Deprecated' annotation or suppress the diagnostic.
w: file:///E:/Mobile%20apps%20projects/AssanPOS%20V2/android/app/src/main/java/com/lakhwera001/asaanpos/MainApplication.kt:21:33 'class ReactNativeHost : Any' is deprecated. Deprecated in Java.

> Task :expo-modules-core:buildCMakeDebug[arm64-v8a]
C/C++: Hard link from 'C:\Users\Rising\.gradle\caches\8.14.3\transforms\e5d515112484fe4dddc05785469cc380\transformed\react-android-0.81.5-debug\prefab\modules\reactnative\libs\android.arm64-v8a\libreactnative.so' to 'E:\Mobile apps projects\AssanPOS V2\node_modules\expo-modules-core\android\build\intermediates\cxx\Debug\6ea734km\obj\arm64-v8a\libreactnative.so' failed. Doing a slower copy instead.
C/C++: Hard link from 'C:\Users\Rising\.gradle\caches\8.14.3\transforms\e5d515112484fe4dddc05785469cc380\transformed\react-android-0.81.5-debug\prefab\modules\reactnative\libs\android.arm64-v8a\libreactnative.so' to 'E:\Mobile apps projects\AssanPOS V2\node_modules\expo-modules-core\android\build\intermediates\cxx\Debug\6ea734km\obj\arm64-v8a\libreactnative.so' failed. Doing a slower copy instead.

[Incubating] Problems report is available at: file:///E:/Mobile%20apps%20projects/AssanPOS%20V2/android/build/reports/problems/problems-report.html

FAILURE: Build failed with an exception.

* What went wrong:
Execution failed for task ':app:checkDebugDuplicateClasses'.
> A failure occurred while executing com.android.build.gradle.internal.tasks.CheckDuplicatesRunnable
   > Duplicate class android.support.v4.app.INotificationSideChannel found in modules core-1.15.0.aar -> core-1.15.0-runtime (androidx.core:core:1.15.0) and support-compat-28.0.0.aar -> support-compat-28.0.0-runtime (com.android.support:support-compat:28.0.0)
     Duplicate class android.support.v4.app.INotificationSideChannel$Stub found in modules core-1.15.0.aar -> core-1.15.0-runtime (androidx.core:core:1.15.0) and support-compat-28.0.0.aar -> support-compat-28.0.0-runtime (com.android.support:support-compat:28.0.0)
     Duplicate class android.support.v4.app.INotificationSideChannel$Stub$Proxy found in modules core-1.15.0.aar -> core-1.15.0-runtime (androidx.core:core:1.15.0) and support-compat-28.0.0.aar -> support-compat-28.0.0-runtime (com.android.support:support-compat:28.0.0)
     Duplicate class android.support.v4.graphics.drawable.IconCompatParcelizer found in modules core-1.15.0.aar -> core-1.15.0-runtime (androidx.core:core:1.15.0) and support-compat-28.0.0.aar -> support-compat-28.0.0-runtime (com.android.support:support-compat:28.0.0)
     Duplicate class android.support.v4.os.IResultReceiver found in modules core-1.15.0.aar -> core-1.15.0-runtime (androidx.core:core:1.15.0) and support-compat-28.0.0.aar -> support-compat-28.0.0-runtime (com.android.support:support-compat:28.0.0)
     Duplicate class android.support.v4.os.IResultReceiver$Stub found in modules core-1.15.0.aar -> core-1.15.0-runtime (androidx.core:core:1.15.0) and support-compat-28.0.0.aar -> support-compat-28.0.0-runtime (com.android.support:support-compat:28.0.0)
     Duplicate class android.support.v4.os.IResultReceiver$Stub$Proxy found in modules core-1.15.0.aar -> core-1.15.0-runtime (androidx.core:core:1.15.0) and support-compat-28.0.0.aar -> support-compat-28.0.0-runtime (com.android.support:support-compat:28.0.0)
     Duplicate class android.support.v4.os.ResultReceiver found in modules core-1.15.0.aar -> core-1.15.0-runtime (androidx.core:core:1.15.0) and support-compat-28.0.0.aar -> support-compat-28.0.0-runtime (com.android.support:support-compat:28.0.0)
     Duplicate class android.support.v4.os.ResultReceiver$1 found in modules core-1.15.0.aar -> core-1.15.0-runtime (androidx.core:core:1.15.0) and support-compat-28.0.0.aar -> support-compat-28.0.0-runtime (com.android.support:support-compat:28.0.0)
     Duplicate class android.support.v4.os.ResultReceiver$MyResultReceiver found in modules core-1.15.0.aar -> core-1.15.0-runtime (androidx.core:core:1.15.0) and support-compat-28.0.0.aar -> support-compat-28.0.0-runtime (com.android.support:support-compat:28.0.0)
     Duplicate class android.support.v4.os.ResultReceiver$MyRunnable found in modules core-1.15.0.aar -> core-1.15.0-runtime (androidx.core:core:1.15.0) and support-compat-28.0.0.aar -> support-compat-28.0.0-runtime (com.android.support:support-compat:28.0.0)
     Duplicate class androidx.core.graphics.drawable.IconCompatParcelizer found in modules core-1.15.0.aar -> core-1.15.0-runtime (androidx.core:core:1.15.0) and support-compat-28.0.0.aar -> support-compat-28.0.0-runtime (com.android.support:support-compat:28.0.0)
     Duplicate class androidx.core.internal.package-info found in modules core-1.15.0.aar -> core-1.15.0-runtime (androidx.core:core:1.15.0) and support-compat-28.0.0.aar -> support-compat-28.0.0-runtime (com.android.support:support-compat:28.0.0)
     Duplicate class androidx.versionedparcelable.CustomVersionedParcelable found in modules versionedparcelable-1.1.1.aar -> versionedparcelable-1.1.1-runtime (androidx.versionedparcelable:versionedparcelable:1.1.1) and versionedparcelable-28.0.0.aar -> versionedparcelable-28.0.0-runtime (com.android.support:versionedparcelable:28.0.0)
     Duplicate class androidx.versionedparcelable.NonParcelField found in modules versionedparcelable-1.1.1.aar -> versionedparcelable-1.1.1-runtime (androidx.versionedparcelable:versionedparcelable:1.1.1) and versionedparcelable-28.0.0.aar -> versionedparcelable-28.0.0-runtime (com.android.support:versionedparcelable:28.0.0)
     Duplicate class androidx.versionedparcelable.ParcelField found in modules versionedparcelable-1.1.1.aar -> versionedparcelable-1.1.1-runtime (androidx.versionedparcelable:versionedparcelable:1.1.1) and versionedparcelable-28.0.0.aar -> versionedparcelable-28.0.0-runtime (com.android.support:versionedparcelable:28.0.0)
     Duplicate class androidx.versionedparcelable.ParcelImpl found in modules versionedparcelable-1.1.1.aar -> versionedparcelable-1.1.1-runtime (androidx.versionedparcelable:versionedparcelable:1.1.1) and versionedparcelable-28.0.0.aar -> versionedparcelable-28.0.0-runtime (com.android.support:versionedparcelable:28.0.0)
     Duplicate class androidx.versionedparcelable.ParcelImpl$1 found in modules versionedparcelable-1.1.1.aar -> versionedparcelable-1.1.1-runtime (androidx.versionedparcelable:versionedparcelable:1.1.1) and versionedparcelable-28.0.0.aar -> versionedparcelable-28.0.0-runtime (com.android.support:versionedparcelable:28.0.0)
     Duplicate class androidx.versionedparcelable.ParcelUtils found in modules versionedparcelable-1.1.1.aar -> versionedparcelable-1.1.1-runtime (androidx.versionedparcelable:versionedparcelable:1.1.1) and versionedparcelable-28.0.0.aar -> versionedparcelable-28.0.0-runtime (com.android.support:versionedparcelable:28.0.0)
     Duplicate class androidx.versionedparcelable.VersionedParcel found in modules versionedparcelable-1.1.1.aar -> versionedparcelable-1.1.1-runtime (androidx.versionedparcelable:versionedparcelable:1.1.1) and versionedparcelable-28.0.0.aar -> versionedparcelable-28.0.0-runtime (com.android.support:versionedparcelable:28.0.0)
     Duplicate class androidx.versionedparcelable.VersionedParcel$1 found in modules versionedparcelable-1.1.1.aar -> versionedparcelable-1.1.1-runtime (androidx.versionedparcelable:versionedparcelable:1.1.1) and versionedparcelable-28.0.0.aar -> versionedparcelable-28.0.0-runtime (com.android.support:versionedparcelable:28.0.0)
     Duplicate class androidx.versionedparcelable.VersionedParcel$ParcelException found in modules versionedparcelable-1.1.1.aar -> versionedparcelable-1.1.1-runtime (androidx.versionedparcelable:versionedparcelable:1.1.1) and versionedparcelable-28.0.0.aar -> versionedparcelable-28.0.0-runtime (com.android.support:versionedparcelable:28.0.0)
     Duplicate class androidx.versionedparcelable.VersionedParcelParcel found in modules versionedparcelable-1.1.1.aar -> versionedparcelable-1.1.1-runtime (androidx.versionedparcelable:versionedparcelable:1.1.1) and versionedparcelable-28.0.0.aar -> versionedparcelable-28.0.0-runtime (com.android.support:versionedparcelable:28.0.0)
     Duplicate class androidx.versionedparcelable.VersionedParcelStream found in modules versionedparcelable-1.1.1.aar -> versionedparcelable-1.1.1-runtime (androidx.versionedparcelable:versionedparcelable:1.1.1) and versionedparcelable-28.0.0.aar -> versionedparcelable-28.0.0-runtime (com.android.support:versionedparcelable:28.0.0)
     Duplicate class androidx.versionedparcelable.VersionedParcelStream$FieldBuffer found in modules versionedparcelable-1.1.1.aar -> versionedparcelable-1.1.1-runtime (androidx.versionedparcelable:versionedparcelable:1.1.1) and versionedparcelable-28.0.0.aar -> versionedparcelable-28.0.0-runtime (com.android.support:versionedparcelable:28.0.0)
     Duplicate class androidx.versionedparcelable.VersionedParcelable found in modules versionedparcelable-1.1.1.aar -> versionedparcelable-1.1.1-runtime (androidx.versionedparcelable:versionedparcelable:1.1.1) and versionedparcelable-28.0.0.aar -> versionedparcelable-28.0.0-runtime (com.android.support:versionedparcelable:28.0.0)
     Duplicate class androidx.versionedparcelable.VersionedParcelize found in modules versionedparcelable-1.1.1.aar -> versionedparcelable-1.1.1-runtime (androidx.versionedparcelable:versionedparcelable:1.1.1) and versionedparcelable-28.0.0.aar -> versionedparcelable-28.0.0-runtime (com.android.support:versionedparcelable:28.0.0)
     
     Learn how to fix dependency resolution errors at https://d.android.com/r/tools/classpath-sync-errors

* Try:
> Run with --stacktrace option to get the stack trace.
> Run with --info or --debug option to get more log output.
> Run with --scan to get full insights.
> Get more help at https://help.gradle.org.

Deprecated Gradle features were used in this build, making it incompatible with Gradle 9.0.

You can use '--warning-mode all' to show the individual deprecation warnings and determine if they come from your own scripts or plugins.

For more on this, please refer to https://docs.gradle.org/8.14.3/userguide/command_line_interface.html#sec:command_line_warnings in the Gradle documentation.

BUILD FAILED in 2m 12s
698 actionable tasks: 213 executed, 71 from cache, 414 up-to-date
